Using pre-set license
Built from '2022.3/staging' branch; Version is '2022.3.28f1 (6bae5ce6b222) revision 7056988'; Using compiler version '192829333'; Build Type 'Release'
OS: 'Windows 11  (10.0.22631) 64bit CoreSingleLanguage' Language: 'en' Physical Memory: 32382 MB
BatchMode: 1, IsHumanControllingUs: 0, StartBugReporterOnCrash: 0, Is64bit: 1, IsPro: 1

COMMAND LINE ARGUMENTS:
C:\Program Files\Unity\Hub\Editor\2022.3.28f1\Editor\Unity.exe
-adb2
-batchMode
-noUpm
-name
AssetImportWorker2
-projectPath
D:/unityproject/3D_Ball
-logFile
Logs/AssetImportWorker2.log
-srvPort
60302
Successfully changed project path to: D:/unityproject/3D_Ball
D:/unityproject/3D_Ball
[UnityMemory] Configuration Parameters - Can be set up in boot.config
    "memorysetup-bucket-allocator-granularity=16"
    "memorysetup-bucket-allocator-bucket-count=8"
    "memorysetup-bucket-allocator-block-size=33554432"
    "memorysetup-bucket-allocator-block-count=8"
    "memorysetup-main-allocator-block-size=16777216"
    "memorysetup-thread-allocator-block-size=16777216"
    "memorysetup-gfx-main-allocator-block-size=16777216"
    "memorysetup-gfx-thread-allocator-block-size=16777216"
    "memorysetup-cache-allocator-block-size=4194304"
    "memorysetup-typetree-allocator-block-size=2097152"
    "memorysetup-profiler-bucket-allocator-granularity=16"
    "memorysetup-profiler-bucket-allocator-bucket-count=8"
    "memorysetup-profiler-bucket-allocator-block-size=33554432"
    "memorysetup-profiler-bucket-allocator-block-count=8"
    "memorysetup-profiler-allocator-block-size=16777216"
    "memorysetup-profiler-editor-allocator-block-size=1048576"
    "memorysetup-temp-allocator-size-main=16777216"
    "memorysetup-job-temp-allocator-block-size=2097152"
    "memorysetup-job-temp-allocator-block-size-background=1048576"
    "memorysetup-job-temp-allocator-reduction-small-platforms=262144"
    "memorysetup-allocator-temp-initial-block-size-main=262144"
    "memorysetup-allocator-temp-initial-block-size-worker=262144"
    "memorysetup-temp-allocator-size-background-worker=32768"
    "memorysetup-temp-allocator-size-job-worker=262144"
    "memorysetup-temp-allocator-size-preload-manager=33554432"
    "memorysetup-temp-allocator-size-nav-mesh-worker=65536"
    "memorysetup-temp-allocator-size-audio-worker=65536"
    "memorysetup-temp-allocator-size-cloud-worker=32768"
    "memorysetup-temp-allocator-size-gi-baking-worker=262144"
    "memorysetup-temp-allocator-size-gfx=262144"
Player connection [23916] Host "[IP] 10.12.23.69 [Port] 0 [Flags] 2 [Guid] 1875681317 [EditorId] 1875681317 [Version] 1048832 [Id] WindowsEditor(7,DESKTOP-C6PBRGT) [Debug] 1 [PackageName] WindowsEditor [ProjectName] Editor" joined multi-casting on [225.0.0.222:54997]...

Player connection [23916] Host "[IP] 10.12.23.69 [Port] 0 [Flags] 2 [Guid] 1875681317 [EditorId] 1875681317 [Version] 1048832 [Id] WindowsEditor(7,DESKTOP-C6PBRGT) [Debug] 1 [PackageName] WindowsEditor [ProjectName] Editor" joined alternative multi-casting on [225.0.0.222:34997]...

[Physics::Module] Initialized MultithreadedJobDispatcher with 23 workers.
Refreshing native plugins compatible for Editor in 72.87 ms, found 3 plugins.
Preloading 0 native plugins for Editor in 0.00 ms.
Initialize engine version: 2022.3.28f1 (6bae5ce6b222)
[Subsystems] Discovering subsystems at path C:/Program Files/Unity/Hub/Editor/2022.3.28f1/Editor/Data/Resources/UnitySubsystems
[Subsystems] Discovering subsystems at path D:/unityproject/3D_Ball/Assets
GfxDevice: creating device client; threaded=0; jobified=0
Direct3D:
    Version:  Direct3D 11.0 [level 11.1]
    Renderer: AMD Radeon RX 6400 (ID=0x743f)
    Vendor:   ATI
    VRAM:     4050 MB
    Driver:   31.0.22052.2001
Initialize mono
Mono path[0] = 'C:/Program Files/Unity/Hub/Editor/2022.3.28f1/Editor/Data/Managed'
Mono path[1] = 'C:/Program Files/Unity/Hub/Editor/2022.3.28f1/Editor/Data/MonoBleedingEdge/lib/mono/unityjit-win32'
Mono config path = 'C:/Program Files/Unity/Hub/Editor/2022.3.28f1/Editor/Data/MonoBleedingEdge/etc'
Using monoOptions --debugger-agent=transport=dt_socket,embedding=1,server=y,suspend=n,address=127.0.0.1:56312
Begin MonoManager ReloadAssembly
Registering precompiled unity dll's ...
Register platform support module: C:/Program Files/Unity/Hub/Editor/2022.3.28f1/Editor/Data/PlaybackEngines/WebGLSupport/UnityEditor.WebGL.Extensions.dll
Register platform support module: C:/Program Files/Unity/Hub/Editor/2022.3.28f1/Editor/Data/PlaybackEngines/WindowsStandaloneSupport/UnityEditor.WindowsStandalone.Extensions.dll
Registered in 0.004641 seconds.
- Loaded All Assemblies, in  0.476 seconds
Native extension for WindowsStandalone target not found
Native extension for WebGL target not found
Mono: successfully reloaded assembly
- Finished resetting the current domain, in  0.156 seconds
Domain Reload Profiling: 631ms
	BeginReloadAssembly (80ms)
		ExecutionOrderSort (0ms)
		DisableScriptedObjects (0ms)
		BackupInstance (0ms)
		ReleaseScriptingObjects (0ms)
		CreateAndSetChildDomain (0ms)
	RebuildCommonClasses (117ms)
	RebuildNativeTypeToScriptingClass (6ms)
	initialDomainReloadingComplete (36ms)
	LoadAllAssembliesAndSetupDomain (236ms)
		LoadAssemblies (80ms)
		RebuildTransferFunctionScriptingTraits (0ms)
		AnalyzeDomain (235ms)
			TypeCache.Refresh (234ms)
				TypeCache.ScanAssembly (224ms)
			ScanForSourceGeneratedMonoScriptInfo (0ms)
			ResolveRequiredComponents (0ms)
	FinalizeReload (156ms)
		ReleaseScriptCaches (0ms)
		RebuildScriptCaches (0ms)
		SetupLoadedEditorAssemblies (122ms)
			LogAssemblyErrors (0ms)
			InitializePlatformSupportModulesInManaged (6ms)
			SetLoadedEditorAssemblies (3ms)
			RefreshPlugins (0ms)
			BeforeProcessingInitializeOnLoad (1ms)
			ProcessInitializeOnLoadAttributes (81ms)
			ProcessInitializeOnLoadMethodAttributes (31ms)
			AfterProcessingInitializeOnLoad (0ms)
			EditorAssembliesLoaded (0ms)
		ExecutionOrderSort2 (0ms)
		AwakeInstancesAfterBackupRestoration (0ms)
========================================================================
Worker process is ready to serve import requests
Begin MonoManager ReloadAssembly
- Loaded All Assemblies, in  0.452 seconds
Refreshing native plugins compatible for Editor in 1.31 ms, found 3 plugins.
Native extension for WindowsStandalone target not found
Native extension for WebGL target not found
Package Manager log level set to [2]
[Package Manager] Server::EnsureServerProcessIsRunning -- launch failed, reason: Unity was launched with the -noUpm command-line argument
[Package Manager] UpmClient::Send -- Unable to send message (not connected to UPM process).
[Package Manager] Cannot connect to Unity Package Manager local server
Mono: successfully reloaded assembly
- Finished resetting the current domain, in  0.342 seconds
Domain Reload Profiling: 793ms
	BeginReloadAssembly (104ms)
		ExecutionOrderSort (0ms)
		DisableScriptedObjects (3ms)
		BackupInstance (0ms)
		ReleaseScriptingObjects (0ms)
		CreateAndSetChildDomain (13ms)
	RebuildCommonClasses (21ms)
	RebuildNativeTypeToScriptingClass (6ms)
	initialDomainReloadingComplete (26ms)
	LoadAllAssembliesAndSetupDomain (294ms)
		LoadAssemblies (250ms)
		RebuildTransferFunctionScriptingTraits (0ms)
		AnalyzeDomain (112ms)
			TypeCache.Refresh (97ms)
				TypeCache.ScanAssembly (83ms)
			ScanForSourceGeneratedMonoScriptInfo (10ms)
			ResolveRequiredComponents (3ms)
	FinalizeReload (342ms)
		ReleaseScriptCaches (0ms)
		RebuildScriptCaches (0ms)
		SetupLoadedEditorAssemblies (261ms)
			LogAssemblyErrors (0ms)
			InitializePlatformSupportModulesInManaged (4ms)
			SetLoadedEditorAssemblies (2ms)
			RefreshPlugins (0ms)
			BeforeProcessingInitializeOnLoad (33ms)
			ProcessInitializeOnLoadAttributes (207ms)
			ProcessInitializeOnLoadMethodAttributes (11ms)
			AfterProcessingInitializeOnLoad (3ms)
			EditorAssembliesLoaded (0ms)
		ExecutionOrderSort2 (0ms)
		AwakeInstancesAfterBackupRestoration (4ms)
Launched and connected shader compiler UnityShaderCompiler.exe after 0.04 seconds
Refreshing native plugins compatible for Editor in 1.04 ms, found 3 plugins.
Preloading 0 native plugins for Editor in 0.00 ms.
Unloading 3489 Unused Serialized files (Serialized files now loaded: 0)
Unloading 40 unused Assets / (58.2 KB). Loaded Objects now: 3950.
Memory consumption went from 134.8 MB to 134.7 MB.
Total: 2.311400 ms (FindLiveObjects: 0.178200 ms CreateObjectMapping: 0.048900 ms MarkObjects: 1.978500 ms  DeleteObjects: 0.104900 ms)

AssetImportParameters requested are different than current active one (requested -> active):
  custom:container-demuxer-ogg: 62fdf1f143b41e24485cea50d1cbac27 -> 
  custom:video-codec-MediaFoundation-h265: 746d11721c4dcdbdad8f713fa42b33f4 -> 
  custom:video-decoder-ogg-theora: a1e56fd34408186e4bbccfd4996cb3dc -> 
  custom:framework-win-MediaFoundation: 216162199b28c13a410421893ffa2e32 -> 
  custom:CustomObjectIndexerAttribute: 9a22284fe3817be447336de3de66b15e -> 
  custom:container-demuxer-webm: 4f35f7cbe854078d1ac9338744f61a02 -> 
  custom:container-muxer-webm: aa71ff27fc2769a1b78a27578f13a17b -> 
  custom:video-decoder-webm-vp8: 9c59270c3fd7afecdb556c50c9e8de78 -> 
  custom:SearchIndexIgnoredProperties: e643bd26f0fe6173181afceb89e7c659 -> 
  custom:AudioImporter_EditorPlatform: d09bf68614088b80899f8185d706f6e7 -> 
  custom:video-encoder-webm-vp8: eb34c28f22e8b96e1ab97ce403110664 -> 
  custom:audio-decoder-ogg-vorbis: bf7c407c2cedff20999df2af8eb42d56 -> 
  custom:audio-encoder-webm-vorbis: bf7c407c2cedff20999df2af8eb42d56 -> 
========================================================================
Received Import Request.
  Time since last request: 598528.053787 seconds.
  path: Assets/Model/HQP STUDIOS/Food Pack - Low Poly Sweets/Prefabs/Donuts/Chocolate Donuts/Chocolate_Donut_2.prefab
  artifactKey: Guid(f559247a10a708c4d958076b9faa11ba) Importer(815301076,1909f56bfc062723c751e8b465ee728b)
Start importing Assets/Model/HQP STUDIOS/Food Pack - Low Poly Sweets/Prefabs/Donuts/Chocolate Donuts/Chocolate_Donut_2.prefab using Guid(f559247a10a708c4d958076b9faa11ba) Importer(815301076,1909f56bfc062723c751e8b465ee728b)  -> (artifact id: '4bf6fbb0fe12b6b0d03856e80b325509') in 0.081728 seconds
Number of updated asset objects reloaded before import = 0
Number of asset objects unloaded after import = 15
========================================================================
Received Import Request.
  Time since last request: 23.555820 seconds.
  path: Assets/Model/HQP STUDIOS/Food Pack - Low Poly Sweets/Prefabs/Candies/Chocolates/Chocolate_2.prefab
  artifactKey: Guid(b4c59a98fab8dc64a877bc7cc2d9bb2b) Importer(815301076,1909f56bfc062723c751e8b465ee728b)
Start importing Assets/Model/HQP STUDIOS/Food Pack - Low Poly Sweets/Prefabs/Candies/Chocolates/Chocolate_2.prefab using Guid(b4c59a98fab8dc64a877bc7cc2d9bb2b) Importer(815301076,1909f56bfc062723c751e8b465ee728b)  -> (artifact id: 'ffa3408989896366c50bd2c98e97b940') in 0.013089 seconds
Number of updated asset objects reloaded before import = 0
Number of asset objects unloaded after import = 15
========================================================================
Received Import Request.
  Time since last request: 0.000018 seconds.
  path: Assets/Model/HQP STUDIOS/Food Pack - Low Poly Sweets/Prefabs/Candies/Chocolates/Dark_Chocolate_Bar_2.prefab
  artifactKey: Guid(0f4796312ee235d4d8b370ac2e0779c2) Importer(815301076,1909f56bfc062723c751e8b465ee728b)
Start importing Assets/Model/HQP STUDIOS/Food Pack - Low Poly Sweets/Prefabs/Candies/Chocolates/Dark_Chocolate_Bar_2.prefab using Guid(0f4796312ee235d4d8b370ac2e0779c2) Importer(815301076,1909f56bfc062723c751e8b465ee728b)  -> (artifact id: 'c3e9da89dd4ab4a49bd6d818cc0da5a4') in 0.012358 seconds
Number of updated asset objects reloaded before import = 0
Number of asset objects unloaded after import = 15
========================================================================
Received Import Request.
  Time since last request: 0.000032 seconds.
  path: Assets/Model/HQP STUDIOS/Food Pack - Low Poly Sweets/Prefabs/Candies/Chocolates/Milk_Chocolate_Bar_2.prefab
  artifactKey: Guid(72bf6a5262d845944b10ff1769b55529) Importer(815301076,1909f56bfc062723c751e8b465ee728b)
Start importing Assets/Model/HQP STUDIOS/Food Pack - Low Poly Sweets/Prefabs/Candies/Chocolates/Milk_Chocolate_Bar_2.prefab using Guid(72bf6a5262d845944b10ff1769b55529) Importer(815301076,1909f56bfc062723c751e8b465ee728b)  -> (artifact id: '0342efb60024cf746db74a9d52e9acb9') in 0.015159 seconds
Number of updated asset objects reloaded before import = 0
Number of asset objects unloaded after import = 15
========================================================================
Received Prepare
Begin MonoManager ReloadAssembly
- Loaded All Assemblies, in  0.296 seconds
Refreshing native plugins compatible for Editor in 1.01 ms, found 3 plugins.
Native extension for WindowsStandalone target not found
Native extension for WebGL target not found
[Package Manager] Server::EnsureServerProcessIsRunning -- launch failed, reason: Unity was launched with the -noUpm command-line argument
[Package Manager] UpmClient::Send -- Unable to send message (not connected to UPM process).
[Package Manager] Cannot connect to Unity Package Manager local server
Mono: successfully reloaded assembly
- Finished resetting the current domain, in  0.425 seconds
Domain Reload Profiling: 720ms
	BeginReloadAssembly (100ms)
		ExecutionOrderSort (0ms)
		DisableScriptedObjects (3ms)
		BackupInstance (0ms)
		ReleaseScriptingObjects (0ms)
		CreateAndSetChildDomain (23ms)
	RebuildCommonClasses (24ms)
	RebuildNativeTypeToScriptingClass (7ms)
	initialDomainReloadingComplete (19ms)
	LoadAllAssembliesAndSetupDomain (144ms)
		LoadAssemblies (176ms)
		RebuildTransferFunctionScriptingTraits (0ms)
		AnalyzeDomain (20ms)
			TypeCache.Refresh (8ms)
				TypeCache.ScanAssembly (0ms)
			ScanForSourceGeneratedMonoScriptInfo (7ms)
			ResolveRequiredComponents (3ms)
	FinalizeReload (425ms)
		ReleaseScriptCaches (0ms)
		RebuildScriptCaches (0ms)
		SetupLoadedEditorAssemblies (236ms)
			LogAssemblyErrors (0ms)
			InitializePlatformSupportModulesInManaged (4ms)
			SetLoadedEditorAssemblies (2ms)
			RefreshPlugins (0ms)
			BeforeProcessingInitializeOnLoad (33ms)
			ProcessInitializeOnLoadAttributes (184ms)
			ProcessInitializeOnLoadMethodAttributes (10ms)
			AfterProcessingInitializeOnLoad (3ms)
			EditorAssembliesLoaded (0ms)
		ExecutionOrderSort2 (0ms)
		AwakeInstancesAfterBackupRestoration (4ms)
Script is not up to date after domain reload: guid(551257c8494afe5439b425caa2499f8e) path("Assets/Script/PlayerMovement.cs") state(2)
Refreshing native plugins compatible for Editor in 0.95 ms, found 3 plugins.
Preloading 0 native plugins for Editor in 0.00 ms.
Unloading 3472 Unused Serialized files (Serialized files now loaded: 0)
Unloading 25 unused Assets / (32.2 KB). Loaded Objects now: 3965.
Memory consumption went from 136.2 MB to 136.1 MB.
Total: 2.304700 ms (FindLiveObjects: 0.228200 ms CreateObjectMapping: 0.061400 ms MarkObjects: 1.965800 ms  DeleteObjects: 0.048400 ms)

Prepare: number of updated asset objects reloaded= 0
AssetImportParameters requested are different than current active one (requested -> active):
  custom:container-demuxer-ogg: 62fdf1f143b41e24485cea50d1cbac27 -> 
  custom:video-codec-MediaFoundation-h265: 746d11721c4dcdbdad8f713fa42b33f4 -> 
  custom:video-decoder-ogg-theora: a1e56fd34408186e4bbccfd4996cb3dc -> 
  custom:framework-win-MediaFoundation: 216162199b28c13a410421893ffa2e32 -> 
  custom:CustomObjectIndexerAttribute: 9a22284fe3817be447336de3de66b15e -> 
  custom:container-demuxer-webm: 4f35f7cbe854078d1ac9338744f61a02 -> 
  custom:container-muxer-webm: aa71ff27fc2769a1b78a27578f13a17b -> 
  custom:video-decoder-webm-vp8: 9c59270c3fd7afecdb556c50c9e8de78 -> 
  custom:SearchIndexIgnoredProperties: e643bd26f0fe6173181afceb89e7c659 -> 
  custom:AudioImporter_EditorPlatform: d09bf68614088b80899f8185d706f6e7 -> 
  custom:video-encoder-webm-vp8: eb34c28f22e8b96e1ab97ce403110664 -> 
  custom:audio-decoder-ogg-vorbis: bf7c407c2cedff20999df2af8eb42d56 -> 
  custom:audio-encoder-webm-vorbis: bf7c407c2cedff20999df2af8eb42d56 -> 
========================================================================
Received Prepare
Begin MonoManager ReloadAssembly
- Loaded All Assemblies, in  0.288 seconds
Refreshing native plugins compatible for Editor in 1.40 ms, found 3 plugins.
Native extension for WindowsStandalone target not found
Native extension for WebGL target not found
[Package Manager] Server::EnsureServerProcessIsRunning -- launch failed, reason: Unity was launched with the -noUpm command-line argument
[Package Manager] UpmClient::Send -- Unable to send message (not connected to UPM process).
[Package Manager] Cannot connect to Unity Package Manager local server
Mono: successfully reloaded assembly
- Finished resetting the current domain, in  0.465 seconds
Domain Reload Profiling: 752ms
	BeginReloadAssembly (102ms)
		ExecutionOrderSort (0ms)
		DisableScriptedObjects (3ms)
		BackupInstance (0ms)
		ReleaseScriptingObjects (0ms)
		CreateAndSetChildDomain (23ms)
	RebuildCommonClasses (19ms)
	RebuildNativeTypeToScriptingClass (6ms)
	initialDomainReloadingComplete (16ms)
	LoadAllAssembliesAndSetupDomain (143ms)
		LoadAssemblies (176ms)
		RebuildTransferFunctionScriptingTraits (0ms)
		AnalyzeDomain (20ms)
			TypeCache.Refresh (8ms)
				TypeCache.ScanAssembly (0ms)
			ScanForSourceGeneratedMonoScriptInfo (7ms)
			ResolveRequiredComponents (3ms)
	FinalizeReload (466ms)
		ReleaseScriptCaches (0ms)
		RebuildScriptCaches (0ms)
		SetupLoadedEditorAssemblies (271ms)
			LogAssemblyErrors (0ms)
			InitializePlatformSupportModulesInManaged (4ms)
			SetLoadedEditorAssemblies (2ms)
			RefreshPlugins (0ms)
			BeforeProcessingInitializeOnLoad (37ms)
			ProcessInitializeOnLoadAttributes (213ms)
			ProcessInitializeOnLoadMethodAttributes (11ms)
			AfterProcessingInitializeOnLoad (4ms)
			EditorAssembliesLoaded (0ms)
		ExecutionOrderSort2 (0ms)
		AwakeInstancesAfterBackupRestoration (4ms)
Refreshing native plugins compatible for Editor in 1.18 ms, found 3 plugins.
Preloading 0 native plugins for Editor in 0.00 ms.
Unloading 3474 Unused Serialized files (Serialized files now loaded: 0)
Unloading 25 unused Assets / (32.1 KB). Loaded Objects now: 3969.
Memory consumption went from 136.4 MB to 136.4 MB.
Total: 1.941200 ms (FindLiveObjects: 0.146300 ms CreateObjectMapping: 0.056700 ms MarkObjects: 1.706100 ms  DeleteObjects: 0.031200 ms)

Prepare: number of updated asset objects reloaded= 0
AssetImportParameters requested are different than current active one (requested -> active):
  custom:container-demuxer-ogg: 62fdf1f143b41e24485cea50d1cbac27 -> 
  custom:video-codec-MediaFoundation-h265: 746d11721c4dcdbdad8f713fa42b33f4 -> 
  custom:video-decoder-ogg-theora: a1e56fd34408186e4bbccfd4996cb3dc -> 
  custom:framework-win-MediaFoundation: 216162199b28c13a410421893ffa2e32 -> 
  custom:CustomObjectIndexerAttribute: 9a22284fe3817be447336de3de66b15e -> 
  custom:container-demuxer-webm: 4f35f7cbe854078d1ac9338744f61a02 -> 
  custom:container-muxer-webm: aa71ff27fc2769a1b78a27578f13a17b -> 
  custom:video-decoder-webm-vp8: 9c59270c3fd7afecdb556c50c9e8de78 -> 
  custom:SearchIndexIgnoredProperties: e643bd26f0fe6173181afceb89e7c659 -> 
  custom:AudioImporter_EditorPlatform: d09bf68614088b80899f8185d706f6e7 -> 
  custom:video-encoder-webm-vp8: eb34c28f22e8b96e1ab97ce403110664 -> 
  custom:audio-decoder-ogg-vorbis: bf7c407c2cedff20999df2af8eb42d56 -> 
  custom:audio-encoder-webm-vorbis: bf7c407c2cedff20999df2af8eb42d56 -> 
========================================================================
Received Import Request.
  Time since last request: 294.250666 seconds.
  path: Assets/Materials/Pickup.mat
  artifactKey: Guid(a681dd6bf3c38244abec0d127481e5cb) Importer(815301076,1909f56bfc062723c751e8b465ee728b)
Start importing Assets/Materials/Pickup.mat using Guid(a681dd6bf3c38244abec0d127481e5cb) Importer(815301076,1909f56bfc062723c751e8b465ee728b)  -> (artifact id: '2f15eda79963761aec47d0e7cfd48016') in 0.053032 seconds
Number of updated asset objects reloaded before import = 0
Number of asset objects unloaded after import = 1
========================================================================
Received Import Request.
  Time since last request: 12.444290 seconds.
  path: Assets/Loading Games/Toon City Pack
  artifactKey: Guid(41775c1a36212bc43900da4399019fbd) Importer(815301076,1909f56bfc062723c751e8b465ee728b)
Start importing Assets/Loading Games/Toon City Pack using Guid(41775c1a36212bc43900da4399019fbd) Importer(815301076,1909f56bfc062723c751e8b465ee728b)  -> (artifact id: 'f8c7dfc43656e0d5ddfe0eaf9c66193b') in 0.000308 seconds
Number of updated asset objects reloaded before import = 0
Number of asset objects unloaded after import = 0
========================================================================
Received Import Request.
  Time since last request: 15.392840 seconds.
  path: Assets/Loading Games/Toon City Pack/Textures
  artifactKey: Guid(c9690f9f079a84fb3ba41e93d59b816b) Importer(815301076,1909f56bfc062723c751e8b465ee728b)
Start importing Assets/Loading Games/Toon City Pack/Textures using Guid(c9690f9f079a84fb3ba41e93d59b816b) Importer(815301076,1909f56bfc062723c751e8b465ee728b)  -> (artifact id: '619d241e99dc9248f2efb4db210b02cf') in 0.000307 seconds
Number of updated asset objects reloaded before import = 0
Number of asset objects unloaded after import = 0
========================================================================
Received Import Request.
  Time since last request: 0.115548 seconds.
  path: Assets/Loading Games/Toon City Pack/Textures/atm-A-texture.png
  artifactKey: Guid(e5ba0ee73705b46ca933f74d488b8ab8) Importer(815301076,1909f56bfc062723c751e8b465ee728b)
Start importing Assets/Loading Games/Toon City Pack/Textures/atm-A-texture.png using Guid(e5ba0ee73705b46ca933f74d488b8ab8) Importer(815301076,1909f56bfc062723c751e8b465ee728b)  -> (artifact id: '70eac8469977585daa67fdc40efca209') in 0.026469 seconds
Number of updated asset objects reloaded before import = 0
Number of asset objects unloaded after import = 2
========================================================================
Received Import Request.
  Time since last request: 0.000020 seconds.
  path: Assets/Loading Games/Toon City Pack/Textures/office-building-B-texture.png
  artifactKey: Guid(e53fb34967cc346258b3b45e4426cf6e) Importer(815301076,1909f56bfc062723c751e8b465ee728b)
Start importing Assets/Loading Games/Toon City Pack/Textures/office-building-B-texture.png using Guid(e53fb34967cc346258b3b45e4426cf6e) Importer(815301076,1909f56bfc062723c751e8b465ee728b)  -> (artifact id: '382d5eef7d325ac9b9afd0448c5a6745') in 0.017314 seconds
Number of updated asset objects reloaded before import = 0
Number of asset objects unloaded after import = 2
========================================================================
Received Import Request.
  Time since last request: 0.000020 seconds.
  path: Assets/Loading Games/Toon City Pack/Textures/road-sign-texture-A.png
  artifactKey: Guid(e03e508c30ab7443fb257594248ad930) Importer(815301076,1909f56bfc062723c751e8b465ee728b)
Start importing Assets/Loading Games/Toon City Pack/Textures/road-sign-texture-A.png using Guid(e03e508c30ab7443fb257594248ad930) Importer(815301076,1909f56bfc062723c751e8b465ee728b)  -> (artifact id: '86bbd416763eefded49ed50635d173b2') in 0.018914 seconds
Number of updated asset objects reloaded before import = 0
Number of asset objects unloaded after import = 2
========================================================================
Received Import Request.
  Time since last request: 0.000015 seconds.
  path: Assets/Loading Games/Toon City Pack/Textures/shopping-center-texture.png
  artifactKey: Guid(6dcc2a4492921488e85f79a3356d7f7f) Importer(815301076,1909f56bfc062723c751e8b465ee728b)
Start importing Assets/Loading Games/Toon City Pack/Textures/shopping-center-texture.png using Guid(6dcc2a4492921488e85f79a3356d7f7f) Importer(815301076,1909f56bfc062723c751e8b465ee728b)  -> (artifact id: '2873202504ffb84b58674b2f7dd5083a') in 0.012647 seconds
Number of updated asset objects reloaded before import = 0
Number of asset objects unloaded after import = 2
========================================================================
Received Import Request.
  Time since last request: 0.000017 seconds.
  path: Assets/Loading Games/Toon City Pack/Textures/ice-cream-shop-texture.png
  artifactKey: Guid(8f3d0bc6ae28441cda929fb38a6cbbca) Importer(815301076,1909f56bfc062723c751e8b465ee728b)
Start importing Assets/Loading Games/Toon City Pack/Textures/ice-cream-shop-texture.png using Guid(8f3d0bc6ae28441cda929fb38a6cbbca) Importer(815301076,1909f56bfc062723c751e8b465ee728b)  -> (artifact id: 'dd2d3d6043af9886f45b56cfa185a28b') in 0.012030 seconds
Number of updated asset objects reloaded before import = 0
Number of asset objects unloaded after import = 2
========================================================================
Received Import Request.
  Time since last request: 0.000015 seconds.
  path: Assets/Loading Games/Toon City Pack/Textures/museum-texture.png
  artifactKey: Guid(11fe42041b7fe497a8f1fe66bfafe585) Importer(815301076,1909f56bfc062723c751e8b465ee728b)
Start importing Assets/Loading Games/Toon City Pack/Textures/museum-texture.png using Guid(11fe42041b7fe497a8f1fe66bfafe585) Importer(815301076,1909f56bfc062723c751e8b465ee728b)  -> (artifact id: 'ab48ca7ea68a03b68a31ad53ee6268a6') in 0.012223 seconds
Number of updated asset objects reloaded before import = 0
Number of asset objects unloaded after import = 2
========================================================================
Received Import Request.
  Time since last request: 0.000015 seconds.
  path: Assets/Loading Games/Toon City Pack/Textures/tennis-court-texture.png
  artifactKey: Guid(36a650180ce7643f0871b513011726b7) Importer(815301076,1909f56bfc062723c751e8b465ee728b)
Start importing Assets/Loading Games/Toon City Pack/Textures/tennis-court-texture.png using Guid(36a650180ce7643f0871b513011726b7) Importer(815301076,1909f56bfc062723c751e8b465ee728b)  -> (artifact id: '86f984fc36ae0e67191452deaf32b489') in 0.010370 seconds
Number of updated asset objects reloaded before import = 0
Number of asset objects unloaded after import = 2
========================================================================
Received Import Request.
  Time since last request: 0.000015 seconds.
  path: Assets/Loading Games/Toon City Pack/Textures/fire-station-texture.png
  artifactKey: Guid(7712a5ee2e6e44b3f9443d474026d8d4) Importer(815301076,1909f56bfc062723c751e8b465ee728b)
Start importing Assets/Loading Games/Toon City Pack/Textures/fire-station-texture.png using Guid(7712a5ee2e6e44b3f9443d474026d8d4) Importer(815301076,1909f56bfc062723c751e8b465ee728b)  -> (artifact id: '61769284e3170ab5a2a1b0bc43f01497') in 0.015690 seconds
Number of updated asset objects reloaded before import = 0
Number of asset objects unloaded after import = 2
========================================================================
Received Import Request.
  Time since last request: 0.000041 seconds.
  path: Assets/Loading Games/Toon City Pack/Textures/cinema-poster-texture-A.png
  artifactKey: Guid(b4893f3337d474e06872c8d647ea0e0d) Importer(815301076,1909f56bfc062723c751e8b465ee728b)
Start importing Assets/Loading Games/Toon City Pack/Textures/cinema-poster-texture-A.png using Guid(b4893f3337d474e06872c8d647ea0e0d) Importer(815301076,1909f56bfc062723c751e8b465ee728b)  -> (artifact id: '6cc4db6b6353f80207357fbff7713e98') in 0.011057 seconds
Number of updated asset objects reloaded before import = 0
Number of asset objects unloaded after import = 2
========================================================================
Received Import Request.
  Time since last request: 0.000022 seconds.
  path: Assets/Loading Games/Toon City Pack/Textures/subway-ad-texture.png
  artifactKey: Guid(cd5a5c23f63ff4cfcafe54631710f4e8) Importer(815301076,1909f56bfc062723c751e8b465ee728b)
Start importing Assets/Loading Games/Toon City Pack/Textures/subway-ad-texture.png using Guid(cd5a5c23f63ff4cfcafe54631710f4e8) Importer(815301076,1909f56bfc062723c751e8b465ee728b)  -> (artifact id: '0781b4b7b486d6ab8fef4a4022f35a17') in 0.012247 seconds
Number of updated asset objects reloaded before import = 0
Number of asset objects unloaded after import = 2
========================================================================
Received Import Request.
  Time since last request: 0.000018 seconds.
  path: Assets/Loading Games/Toon City Pack/Textures/soccer-field-texture.png
  artifactKey: Guid(da64b7ea3d74645d181ffa06c974eb3c) Importer(815301076,1909f56bfc062723c751e8b465ee728b)
Start importing Assets/Loading Games/Toon City Pack/Textures/soccer-field-texture.png using Guid(da64b7ea3d74645d181ffa06c974eb3c) Importer(815301076,1909f56bfc062723c751e8b465ee728b)  -> (artifact id: 'ef459b1c301f86686076910497279ea9') in 0.014415 seconds
Number of updated asset objects reloaded before import = 0
Number of asset objects unloaded after import = 2
========================================================================
Received Import Request.
  Time since last request: 0.000021 seconds.
  path: Assets/Loading Games/Toon City Pack/Textures/pizza-shop-texture.png
  artifactKey: Guid(c9ee1b7ee625042d887d077797406e00) Importer(815301076,1909f56bfc062723c751e8b465ee728b)
Start importing Assets/Loading Games/Toon City Pack/Textures/pizza-shop-texture.png using Guid(c9ee1b7ee625042d887d077797406e00) Importer(815301076,1909f56bfc062723c751e8b465ee728b)  -> (artifact id: '00b92af6cb8b8624af77fd69c6bf8bcb') in 0.013728 seconds
Number of updated asset objects reloaded before import = 0
Number of asset objects unloaded after import = 2
========================================================================
Received Import Request.
  Time since last request: 0.000028 seconds.
  path: Assets/Loading Games/Toon City Pack/Textures/color-palette-2.png
  artifactKey: Guid(1a4bc5930cb334d76b043c8972a20a69) Importer(815301076,1909f56bfc062723c751e8b465ee728b)
Start importing Assets/Loading Games/Toon City Pack/Textures/color-palette-2.png using Guid(1a4bc5930cb334d76b043c8972a20a69) Importer(815301076,1909f56bfc062723c751e8b465ee728b)  -> (artifact id: '29de1732b7763f5d084171f1436be32d') in 0.013792 seconds
Number of updated asset objects reloaded before import = 0
Number of asset objects unloaded after import = 2
========================================================================
Received Import Request.
  Time since last request: 0.000018 seconds.
  path: Assets/Loading Games/Toon City Pack/Textures/bus.png
  artifactKey: Guid(1749e4db4ca5c48aea6a032932d4cb19) Importer(815301076,1909f56bfc062723c751e8b465ee728b)
Start importing Assets/Loading Games/Toon City Pack/Textures/bus.png using Guid(1749e4db4ca5c48aea6a032932d4cb19) Importer(815301076,1909f56bfc062723c751e8b465ee728b)  -> (artifact id: '2f887cf101066111a0f2b53c6895390d') in 0.011408 seconds
Number of updated asset objects reloaded before import = 0
Number of asset objects unloaded after import = 2
========================================================================
Received Import Request.
  Time since last request: 0.000020 seconds.
  path: Assets/Loading Games/Toon City Pack/Textures/cinema-texture.png
  artifactKey: Guid(828822e888ded457cafdaff11b70d6fd) Importer(815301076,1909f56bfc062723c751e8b465ee728b)
Start importing Assets/Loading Games/Toon City Pack/Textures/cinema-texture.png using Guid(828822e888ded457cafdaff11b70d6fd) Importer(815301076,1909f56bfc062723c751e8b465ee728b)  -> (artifact id: '88c5245ab917d97b2d4b311188c0a89e') in 0.011784 seconds
Number of updated asset objects reloaded before import = 0
Number of asset objects unloaded after import = 2
========================================================================
Received Import Request.
  Time since last request: 0.000017 seconds.
  path: Assets/Loading Games/Toon City Pack/Textures/hot-dog-texture-A.png
  artifactKey: Guid(d3bbd0e341a564a5ea46f88b4b44ef18) Importer(815301076,1909f56bfc062723c751e8b465ee728b)
Start importing Assets/Loading Games/Toon City Pack/Textures/hot-dog-texture-A.png using Guid(d3bbd0e341a564a5ea46f88b4b44ef18) Importer(815301076,1909f56bfc062723c751e8b465ee728b)  -> (artifact id: '35def3579078625213ad0a5e5df465be') in 0.012198 seconds
Number of updated asset objects reloaded before import = 0
Number of asset objects unloaded after import = 2
========================================================================
Received Import Request.
  Time since last request: 0.000034 seconds.
  path: Assets/Loading Games/Toon City Pack/Textures/cinema-poster-texture-B.png
  artifactKey: Guid(5fc997391918741368dc8bf83d588496) Importer(815301076,1909f56bfc062723c751e8b465ee728b)
Start importing Assets/Loading Games/Toon City Pack/Textures/cinema-poster-texture-B.png using Guid(5fc997391918741368dc8bf83d588496) Importer(815301076,1909f56bfc062723c751e8b465ee728b)  -> (artifact id: '37504a23b29852f37626958ea54ce797') in 0.012113 seconds
Number of updated asset objects reloaded before import = 0
Number of asset objects unloaded after import = 2
========================================================================
Received Import Request.
  Time since last request: 3.745307 seconds.
  path: Assets/Loading Games/Toon City Pack/Prefabs
  artifactKey: Guid(b73aec61863004eee89c835b918fb92f) Importer(815301076,1909f56bfc062723c751e8b465ee728b)
Start importing Assets/Loading Games/Toon City Pack/Prefabs using Guid(b73aec61863004eee89c835b918fb92f) Importer(815301076,1909f56bfc062723c751e8b465ee728b)  -> (artifact id: 'ada89833376c865b0a7df677c8f1e9d5') in 0.000344 seconds
Number of updated asset objects reloaded before import = 0
Number of asset objects unloaded after import = 0
========================================================================
Received Import Request.
  Time since last request: 1.423080 seconds.
  path: Assets/Loading Games/Toon City Pack/Prefabs/Buildings
  artifactKey: Guid(fde3c075e7e2048cf8be0ea37a727298) Importer(815301076,1909f56bfc062723c751e8b465ee728b)
Start importing Assets/Loading Games/Toon City Pack/Prefabs/Buildings using Guid(fde3c075e7e2048cf8be0ea37a727298) Importer(815301076,1909f56bfc062723c751e8b465ee728b)  -> (artifact id: '802eeaef20450c5e5ee9b3b79f8ad10b') in 0.000267 seconds
Number of updated asset objects reloaded before import = 0
Number of asset objects unloaded after import = 0
========================================================================
Received Import Request.
  Time since last request: 0.975441 seconds.
  path: Assets/Loading Games/Toon City Pack/Prefabs/Buildings/Civil Buildings
  artifactKey: Guid(91d324488c104491f855699cc5211177) Importer(815301076,1909f56bfc062723c751e8b465ee728b)
Start importing Assets/Loading Games/Toon City Pack/Prefabs/Buildings/Civil Buildings using Guid(91d324488c104491f855699cc5211177) Importer(815301076,1909f56bfc062723c751e8b465ee728b)  -> (artifact id: '0e84efcaa9901485d015884b24fb7c20') in 0.000288 seconds
Number of updated asset objects reloaded before import = 0
Number of asset objects unloaded after import = 0
========================================================================
Received Import Request.
  Time since last request: 0.108175 seconds.
  path: Assets/Loading Games/Toon City Pack/Prefabs/Buildings/Civil Buildings/cb-apartment-A.prefab
  artifactKey: Guid(0c7f1786f206a4f149506fbb91114ee7) Importer(815301076,1909f56bfc062723c751e8b465ee728b)
Start importing Assets/Loading Games/Toon City Pack/Prefabs/Buildings/Civil Buildings/cb-apartment-A.prefab using Guid(0c7f1786f206a4f149506fbb91114ee7) Importer(815301076,1909f56bfc062723c751e8b465ee728b)  -> (artifact id: '7c02f7b9c00da4ecb1029add9c5c5ad6') in 0.024586 seconds
Number of updated asset objects reloaded before import = 0
Number of asset objects unloaded after import = 11
========================================================================
Received Import Request.
  Time since last request: 0.000013 seconds.
  path: Assets/Loading Games/Toon City Pack/Prefabs/Buildings/Civil Buildings/suburban-house-C.prefab
  artifactKey: Guid(96d468962340d443989d3580d218cb93) Importer(815301076,1909f56bfc062723c751e8b465ee728b)
Start importing Assets/Loading Games/Toon City Pack/Prefabs/Buildings/Civil Buildings/suburban-house-C.prefab using Guid(96d468962340d443989d3580d218cb93) Importer(815301076,1909f56bfc062723c751e8b465ee728b)  -> (artifact id: '8f8996f7767c3bbf071fccf71147f707') in 0.012155 seconds
Number of updated asset objects reloaded before import = 0
Number of asset objects unloaded after import = 11
========================================================================
Received Import Request.
  Time since last request: 0.000020 seconds.
  path: Assets/Loading Games/Toon City Pack/Prefabs/Buildings/Civil Buildings/suburban-house-B.prefab
  artifactKey: Guid(8be760067bfd64276b6a98998751e48c) Importer(815301076,1909f56bfc062723c751e8b465ee728b)
Start importing Assets/Loading Games/Toon City Pack/Prefabs/Buildings/Civil Buildings/suburban-house-B.prefab using Guid(8be760067bfd64276b6a98998751e48c) Importer(815301076,1909f56bfc062723c751e8b465ee728b)  -> (artifact id: 'b2a818cb69a9718bbc01125a96c27ae7') in 0.010556 seconds
Number of updated asset objects reloaded before import = 0
Number of asset objects unloaded after import = 11
========================================================================
Received Import Request.
  Time since last request: 0.000014 seconds.
  path: Assets/Loading Games/Toon City Pack/Prefabs/Buildings/Civil Buildings/cb-apartment-H.prefab
  artifactKey: Guid(9e7280d5e34184239966f48cfe7539ab) Importer(815301076,1909f56bfc062723c751e8b465ee728b)
Start importing Assets/Loading Games/Toon City Pack/Prefabs/Buildings/Civil Buildings/cb-apartment-H.prefab using Guid(9e7280d5e34184239966f48cfe7539ab) Importer(815301076,1909f56bfc062723c751e8b465ee728b)  -> (artifact id: '112fc534b6261af9a161a2be637c67d1') in 0.017649 seconds
Number of updated asset objects reloaded before import = 0
Number of asset objects unloaded after import = 11
========================================================================
Received Import Request.
  Time since last request: 0.000028 seconds.
  path: Assets/Loading Games/Toon City Pack/Prefabs/Buildings/Civil Buildings/cb-apartment-G.prefab
  artifactKey: Guid(ae143931a5435412bb49667fb5750a3b) Importer(815301076,1909f56bfc062723c751e8b465ee728b)
Start importing Assets/Loading Games/Toon City Pack/Prefabs/Buildings/Civil Buildings/cb-apartment-G.prefab using Guid(ae143931a5435412bb49667fb5750a3b) Importer(815301076,1909f56bfc062723c751e8b465ee728b)  -> (artifact id: 'd6ee92867cc6a268bfde96309e1f9ee3') in 0.027685 seconds
Number of updated asset objects reloaded before import = 0
Number of asset objects unloaded after import = 11
Editor requested this worker to shutdown with reason: Scaling down because of idle timeout
TcpMessagingSession - receive error
AssetImportWorkerClient::OnTransportError - code=2 error=End of file
AssetImportWorker is now disconnected from the server
Process exiting
Exiting without the bug reporter. Application will terminate with return code 0