Using pre-set license
Built from '2022.3/staging' branch; Version is '2022.3.28f1 (6bae5ce6b222) revision 7056988'; Using compiler version '192829333'; Build Type 'Release'
OS: 'Windows 11  (10.0.22631) 64bit CoreSingleLanguage' Language: 'en' Physical Memory: 32382 MB
BatchMode: 1, IsHumanControllingUs: 0, StartBugReporterOnCrash: 0, Is64bit: 1, IsPro: 1

COMMAND LINE ARGUMENTS:
C:\Program Files\Unity\Hub\Editor\2022.3.28f1\Editor\Unity.exe
-adb2
-batchMode
-noUpm
-name
AssetImportWorker15
-projectPath
D:/unityproject/3D_Ball
-logFile
Logs/AssetImportWorker15.log
-srvPort
60302
Successfully changed project path to: D:/unityproject/3D_Ball
D:/unityproject/3D_Ball
[UnityMemory] Configuration Parameters - Can be set up in boot.config
    "memorysetup-bucket-allocator-granularity=16"
    "memorysetup-bucket-allocator-bucket-count=8"
    "memorysetup-bucket-allocator-block-size=33554432"
    "memorysetup-bucket-allocator-block-count=8"
    "memorysetup-main-allocator-block-size=16777216"
    "memorysetup-thread-allocator-block-size=16777216"
    "memorysetup-gfx-main-allocator-block-size=16777216"
    "memorysetup-gfx-thread-allocator-block-size=16777216"
    "memorysetup-cache-allocator-block-size=4194304"
    "memorysetup-typetree-allocator-block-size=2097152"
    "memorysetup-profiler-bucket-allocator-granularity=16"
    "memorysetup-profiler-bucket-allocator-bucket-count=8"
    "memorysetup-profiler-bucket-allocator-block-size=33554432"
    "memorysetup-profiler-bucket-allocator-block-count=8"
    "memorysetup-profiler-allocator-block-size=16777216"
    "memorysetup-profiler-editor-allocator-block-size=1048576"
    "memorysetup-temp-allocator-size-main=16777216"
    "memorysetup-job-temp-allocator-block-size=2097152"
    "memorysetup-job-temp-allocator-block-size-background=1048576"
    "memorysetup-job-temp-allocator-reduction-small-platforms=262144"
    "memorysetup-allocator-temp-initial-block-size-main=262144"
    "memorysetup-allocator-temp-initial-block-size-worker=262144"
    "memorysetup-temp-allocator-size-background-worker=32768"
    "memorysetup-temp-allocator-size-job-worker=262144"
    "memorysetup-temp-allocator-size-preload-manager=33554432"
    "memorysetup-temp-allocator-size-nav-mesh-worker=65536"
    "memorysetup-temp-allocator-size-audio-worker=65536"
    "memorysetup-temp-allocator-size-cloud-worker=32768"
    "memorysetup-temp-allocator-size-gi-baking-worker=262144"
    "memorysetup-temp-allocator-size-gfx=262144"
Player connection [11028] Host "[IP] 10.12.23.69 [Port] 0 [Flags] 2 [Guid] 1178163328 [EditorId] 1178163328 [Version] 1048832 [Id] WindowsEditor(7,DESKTOP-C6PBRGT) [Debug] 1 [PackageName] WindowsEditor [ProjectName] Editor" joined multi-casting on [225.0.0.222:54997]...

Player connection [11028] Host "[IP] 10.12.23.69 [Port] 0 [Flags] 2 [Guid] 1178163328 [EditorId] 1178163328 [Version] 1048832 [Id] WindowsEditor(7,DESKTOP-C6PBRGT) [Debug] 1 [PackageName] WindowsEditor [ProjectName] Editor" joined alternative multi-casting on [225.0.0.222:34997]...

[Physics::Module] Initialized MultithreadedJobDispatcher with 23 workers.
Refreshing native plugins compatible for Editor in 3.92 ms, found 3 plugins.
Preloading 0 native plugins for Editor in 0.00 ms.
Initialize engine version: 2022.3.28f1 (6bae5ce6b222)
[Subsystems] Discovering subsystems at path C:/Program Files/Unity/Hub/Editor/2022.3.28f1/Editor/Data/Resources/UnitySubsystems
[Subsystems] Discovering subsystems at path D:/unityproject/3D_Ball/Assets
GfxDevice: creating device client; threaded=0; jobified=0
Direct3D:
    Version:  Direct3D 11.0 [level 11.1]
    Renderer: AMD Radeon RX 6400 (ID=0x743f)
    Vendor:   ATI
    VRAM:     4050 MB
    Driver:   31.0.22052.2001
Initialize mono
Mono path[0] = 'C:/Program Files/Unity/Hub/Editor/2022.3.28f1/Editor/Data/Managed'
Mono path[1] = 'C:/Program Files/Unity/Hub/Editor/2022.3.28f1/Editor/Data/MonoBleedingEdge/lib/mono/unityjit-win32'
Mono config path = 'C:/Program Files/Unity/Hub/Editor/2022.3.28f1/Editor/Data/MonoBleedingEdge/etc'
Using monoOptions --debugger-agent=transport=dt_socket,embedding=1,server=y,suspend=n,address=127.0.0.1:56572
Begin MonoManager ReloadAssembly
Registering precompiled unity dll's ...
Register platform support module: C:/Program Files/Unity/Hub/Editor/2022.3.28f1/Editor/Data/PlaybackEngines/WebGLSupport/UnityEditor.WebGL.Extensions.dll
Register platform support module: C:/Program Files/Unity/Hub/Editor/2022.3.28f1/Editor/Data/PlaybackEngines/WindowsStandaloneSupport/UnityEditor.WindowsStandalone.Extensions.dll
Registered in 0.005521 seconds.
- Loaded All Assemblies, in  0.243 seconds
Native extension for WindowsStandalone target not found
Native extension for WebGL target not found
Mono: successfully reloaded assembly
- Finished resetting the current domain, in  0.168 seconds
Domain Reload Profiling: 410ms
	BeginReloadAssembly (94ms)
		ExecutionOrderSort (0ms)
		DisableScriptedObjects (0ms)
		BackupInstance (0ms)
		ReleaseScriptingObjects (0ms)
		CreateAndSetChildDomain (1ms)
	RebuildCommonClasses (21ms)
	RebuildNativeTypeToScriptingClass (6ms)
	initialDomainReloadingComplete (37ms)
	LoadAllAssembliesAndSetupDomain (84ms)
		LoadAssemblies (93ms)
		RebuildTransferFunctionScriptingTraits (0ms)
		AnalyzeDomain (82ms)
			TypeCache.Refresh (81ms)
				TypeCache.ScanAssembly (70ms)
			ScanForSourceGeneratedMonoScriptInfo (0ms)
			ResolveRequiredComponents (0ms)
	FinalizeReload (168ms)
		ReleaseScriptCaches (0ms)
		RebuildScriptCaches (0ms)
		SetupLoadedEditorAssemblies (133ms)
			LogAssemblyErrors (0ms)
			InitializePlatformSupportModulesInManaged (5ms)
			SetLoadedEditorAssemblies (3ms)
			RefreshPlugins (0ms)
			BeforeProcessingInitializeOnLoad (1ms)
			ProcessInitializeOnLoadAttributes (90ms)
			ProcessInitializeOnLoadMethodAttributes (34ms)
			AfterProcessingInitializeOnLoad (0ms)
			EditorAssembliesLoaded (0ms)
		ExecutionOrderSort2 (0ms)
		AwakeInstancesAfterBackupRestoration (0ms)
========================================================================
Worker process is ready to serve import requests
Begin MonoManager ReloadAssembly
- Loaded All Assemblies, in  0.438 seconds
Refreshing native plugins compatible for Editor in 1.53 ms, found 3 plugins.
Native extension for WindowsStandalone target not found
Native extension for WebGL target not found
Package Manager log level set to [2]
[Package Manager] Server::EnsureServerProcessIsRunning -- launch failed, reason: Unity was launched with the -noUpm command-line argument
[Package Manager] UpmClient::Send -- Unable to send message (not connected to UPM process).
[Package Manager] Cannot connect to Unity Package Manager local server
Mono: successfully reloaded assembly
- Finished resetting the current domain, in  0.351 seconds
Domain Reload Profiling: 789ms
	BeginReloadAssembly (102ms)
		ExecutionOrderSort (0ms)
		DisableScriptedObjects (3ms)
		BackupInstance (0ms)
		ReleaseScriptingObjects (0ms)
		CreateAndSetChildDomain (17ms)
	RebuildCommonClasses (19ms)
	RebuildNativeTypeToScriptingClass (6ms)
	initialDomainReloadingComplete (25ms)
	LoadAllAssembliesAndSetupDomain (286ms)
		LoadAssemblies (220ms)
		RebuildTransferFunctionScriptingTraits (0ms)
		AnalyzeDomain (127ms)
			TypeCache.Refresh (112ms)
				TypeCache.ScanAssembly (94ms)
			ScanForSourceGeneratedMonoScriptInfo (10ms)
			ResolveRequiredComponents (3ms)
	FinalizeReload (352ms)
		ReleaseScriptCaches (0ms)
		RebuildScriptCaches (0ms)
		SetupLoadedEditorAssemblies (265ms)
			LogAssemblyErrors (0ms)
			InitializePlatformSupportModulesInManaged (4ms)
			SetLoadedEditorAssemblies (2ms)
			RefreshPlugins (0ms)
			BeforeProcessingInitializeOnLoad (33ms)
			ProcessInitializeOnLoadAttributes (212ms)
			ProcessInitializeOnLoadMethodAttributes (11ms)
			AfterProcessingInitializeOnLoad (3ms)
			EditorAssembliesLoaded (0ms)
		ExecutionOrderSort2 (0ms)
		AwakeInstancesAfterBackupRestoration (4ms)
Launched and connected shader compiler UnityShaderCompiler.exe after 0.03 seconds
Refreshing native plugins compatible for Editor in 1.20 ms, found 3 plugins.
Preloading 0 native plugins for Editor in 0.00 ms.
Unloading 3489 Unused Serialized files (Serialized files now loaded: 0)
Unloading 40 unused Assets / (58.2 KB). Loaded Objects now: 3950.
Memory consumption went from 137.3 MB to 137.3 MB.
Total: 3.291000 ms (FindLiveObjects: 0.327000 ms CreateObjectMapping: 0.101700 ms MarkObjects: 2.742100 ms  DeleteObjects: 0.119500 ms)

AssetImportParameters requested are different than current active one (requested -> active):
  custom:container-demuxer-ogg: 62fdf1f143b41e24485cea50d1cbac27 -> 
  custom:video-codec-MediaFoundation-h265: 746d11721c4dcdbdad8f713fa42b33f4 -> 
  custom:scripting/monoscript/fileName/Helicopter.cs: 706e75638c9b91751fec6da0322c5a3e -> 
  custom:video-decoder-ogg-theora: a1e56fd34408186e4bbccfd4996cb3dc -> 
  custom:framework-win-MediaFoundation: 216162199b28c13a410421893ffa2e32 -> 
  custom:CustomObjectIndexerAttribute: 9a22284fe3817be447336de3de66b15e -> 
  custom:container-demuxer-webm: 4f35f7cbe854078d1ac9338744f61a02 -> 
  custom:scripting/monoscript/fileName/StreetLight.cs: 9c9b8cf7d0e95491c9d9f33ca972e572 -> 
  custom:scripting/monoscript/fileName/BuildingLights.cs: edd983c22d69a612b87bc70b4937b722 -> 
  custom:container-muxer-webm: aa71ff27fc2769a1b78a27578f13a17b -> 
  custom:video-decoder-webm-vp8: 9c59270c3fd7afecdb556c50c9e8de78 -> 
  custom:SearchIndexIgnoredProperties: e643bd26f0fe6173181afceb89e7c659 -> 
  custom:AudioImporter_EditorPlatform: d09bf68614088b80899f8185d706f6e7 -> 
  custom:scripting/monoscript/fileName/PoliceSiren.cs: b0b042c453311179fb33e0e7af990526 -> 
  custom:scripting/monoscript/fileName/TrafficLights.cs: 82539e7d40de46b920576b3b406ee34d -> 
  custom:video-encoder-webm-vp8: eb34c28f22e8b96e1ab97ce403110664 -> 
  custom:audio-decoder-ogg-vorbis: bf7c407c2cedff20999df2af8eb42d56 -> 
  custom:audio-encoder-webm-vorbis: bf7c407c2cedff20999df2af8eb42d56 -> 
========================================================================
Received Import Request.
  Time since last request: 600018.004091 seconds.
  path: Assets/Model/POLYGON city pack/Prefabs/Letters/Letter_A_Prefab.prefab
  artifactKey: Guid(486263a6295235a40a3ba56b8111437e) Importer(815301076,1909f56bfc062723c751e8b465ee728b)
Start importing Assets/Model/POLYGON city pack/Prefabs/Letters/Letter_A_Prefab.prefab using Guid(486263a6295235a40a3ba56b8111437e) Importer(815301076,1909f56bfc062723c751e8b465ee728b)  -> (artifact id: 'f5020056484212561262fb28b3301973') in 0.080341 seconds
Number of updated asset objects reloaded before import = 0
Number of asset objects unloaded after import = 17
========================================================================
Received Import Request.
  Time since last request: 0.000031 seconds.
  path: Assets/Model/POLYGON city pack/Prefabs/Letters/Letter_M_Prefab.prefab
  artifactKey: Guid(99425f43b7fcd40418bff56972c15b23) Importer(815301076,1909f56bfc062723c751e8b465ee728b)
Start importing Assets/Model/POLYGON city pack/Prefabs/Letters/Letter_M_Prefab.prefab using Guid(99425f43b7fcd40418bff56972c15b23) Importer(815301076,1909f56bfc062723c751e8b465ee728b)  -> (artifact id: 'eadcced524606ebe1d8985132a5694f1') in 0.016325 seconds
Number of updated asset objects reloaded before import = 0
Number of asset objects unloaded after import = 10
========================================================================
Received Import Request.
  Time since last request: 0.000014 seconds.
  path: Assets/Model/POLYGON city pack/Prefabs/Letters/Letter_Y_Prefab.prefab
  artifactKey: Guid(7a84762656a300e40b7f661a09c36e7f) Importer(815301076,1909f56bfc062723c751e8b465ee728b)
Start importing Assets/Model/POLYGON city pack/Prefabs/Letters/Letter_Y_Prefab.prefab using Guid(7a84762656a300e40b7f661a09c36e7f) Importer(815301076,1909f56bfc062723c751e8b465ee728b)  -> (artifact id: 'db0fec5706aed1606d02977219f634c6') in 0.009915 seconds
Number of updated asset objects reloaded before import = 0
Number of asset objects unloaded after import = 10
========================================================================
Received Import Request.
  Time since last request: 0.544766 seconds.
  path: Assets/Model/POLYGON city pack/Prefabs/Props/air conditioner roof Prefab.prefab
  artifactKey: Guid(a56a9ff0410540141a4b57353191a959) Importer(815301076,1909f56bfc062723c751e8b465ee728b)
Start importing Assets/Model/POLYGON city pack/Prefabs/Props/air conditioner roof Prefab.prefab using Guid(a56a9ff0410540141a4b57353191a959) Importer(815301076,1909f56bfc062723c751e8b465ee728b)  -> (artifact id: '4bdd2dd61fe10357ed730d52fab6904a') in 0.014264 seconds
Number of updated asset objects reloaded before import = 0
Number of asset objects unloaded after import = 12
========================================================================
Received Import Request.
  Time since last request: 0.000020 seconds.
  path: Assets/Model/POLYGON city pack/Prefabs/Props/BurgerSho_Sign prefab.prefab
  artifactKey: Guid(331204bcfe96d5f4d83f7bdf75ea0873) Importer(815301076,1909f56bfc062723c751e8b465ee728b)
Start importing Assets/Model/POLYGON city pack/Prefabs/Props/BurgerSho_Sign prefab.prefab using Guid(331204bcfe96d5f4d83f7bdf75ea0873) Importer(815301076,1909f56bfc062723c751e8b465ee728b)  -> (artifact id: '1fc5b4dcc200dc262a1bad23492dfe1a') in 0.013618 seconds
Number of updated asset objects reloaded before import = 0
Number of asset objects unloaded after import = 12
========================================================================
Received Import Request.
  Time since last request: 0.000020 seconds.
  path: Assets/Model/POLYGON city pack/Prefabs/Props/Parking_barrier prefab.prefab
  artifactKey: Guid(a560b249e984af144b222ea1d93fe697) Importer(815301076,1909f56bfc062723c751e8b465ee728b)
Start importing Assets/Model/POLYGON city pack/Prefabs/Props/Parking_barrier prefab.prefab using Guid(a560b249e984af144b222ea1d93fe697) Importer(815301076,1909f56bfc062723c751e8b465ee728b)  -> (artifact id: '5c69fbc78192cc143f2485f65540be5c') in 0.015885 seconds
Number of updated asset objects reloaded before import = 0
Number of asset objects unloaded after import = 21
========================================================================
Received Import Request.
  Time since last request: 0.000016 seconds.
  path: Assets/Model/POLYGON city pack/Prefabs/Props/Flower mass prefab.prefab
  artifactKey: Guid(3793ad411fa918d4685c2c4c1494c970) Importer(815301076,1909f56bfc062723c751e8b465ee728b)
Start importing Assets/Model/POLYGON city pack/Prefabs/Props/Flower mass prefab.prefab using Guid(3793ad411fa918d4685c2c4c1494c970) Importer(815301076,1909f56bfc062723c751e8b465ee728b)  -> (artifact id: '926fc9c6d61bb0cb002c76bdbafe4c21') in 0.022547 seconds
Number of updated asset objects reloaded before import = 0
Number of asset objects unloaded after import = 173
========================================================================
Received Import Request.
  Time since last request: 0.000021 seconds.
  path: Assets/Model/POLYGON city pack/Prefabs/Props/drain 2 prefab.prefab
  artifactKey: Guid(cc198c66ba240c946b6f10f40c60795a) Importer(815301076,1909f56bfc062723c751e8b465ee728b)
Start importing Assets/Model/POLYGON city pack/Prefabs/Props/drain 2 prefab.prefab using Guid(cc198c66ba240c946b6f10f40c60795a) Importer(815301076,1909f56bfc062723c751e8b465ee728b)  -> (artifact id: 'af216925628f35b3532fadd850336b85') in 0.011861 seconds
Number of updated asset objects reloaded before import = 0
Number of asset objects unloaded after import = 12
========================================================================
Received Import Request.
  Time since last request: 0.000013 seconds.
  path: Assets/Model/POLYGON city pack/Prefabs/Props/shopping cart prefab.prefab
  artifactKey: Guid(e70233268e8d3e64187fc14a41cacef0) Importer(815301076,1909f56bfc062723c751e8b465ee728b)
Start importing Assets/Model/POLYGON city pack/Prefabs/Props/shopping cart prefab.prefab using Guid(e70233268e8d3e64187fc14a41cacef0) Importer(815301076,1909f56bfc062723c751e8b465ee728b)  -> (artifact id: '28f1e379d0aac9987ddeab85bc974d84') in 0.090461 seconds
Number of updated asset objects reloaded before import = 0
Number of asset objects unloaded after import = 14
========================================================================
Received Import Request.
  Time since last request: 0.000027 seconds.
  path: Assets/Model/POLYGON city pack/Prefabs/Props/Hotdog prefab.prefab
  artifactKey: Guid(57a987e39cc3143448c053e7a5925600) Importer(815301076,1909f56bfc062723c751e8b465ee728b)
Start importing Assets/Model/POLYGON city pack/Prefabs/Props/Hotdog prefab.prefab using Guid(57a987e39cc3143448c053e7a5925600) Importer(815301076,1909f56bfc062723c751e8b465ee728b)  -> (artifact id: '8865c6cf0dc6892a4fef26afcd62e205') in 0.016941 seconds
Number of updated asset objects reloaded before import = 0
Number of asset objects unloaded after import = 12
========================================================================
Received Import Request.
  Time since last request: 0.000031 seconds.
  path: Assets/Model/POLYGON city pack/Prefabs/Props/StoneStreet prefab.prefab
  artifactKey: Guid(b371324d60f1ca9408481c0bd5f4539d) Importer(815301076,1909f56bfc062723c751e8b465ee728b)
Start importing Assets/Model/POLYGON city pack/Prefabs/Props/StoneStreet prefab.prefab using Guid(b371324d60f1ca9408481c0bd5f4539d) Importer(815301076,1909f56bfc062723c751e8b465ee728b)  -> (artifact id: '939b1f72cc79c604325bc34850318cfa') in 0.012439 seconds
Number of updated asset objects reloaded before import = 0
Number of asset objects unloaded after import = 11
========================================================================
Received Import Request.
  Time since last request: 0.000017 seconds.
  path: Assets/Model/POLYGON city pack/Prefabs/Props/Flower 1 prefab A.prefab
  artifactKey: Guid(721f9aeb18a56f644828aa93a686bcd3) Importer(815301076,1909f56bfc062723c751e8b465ee728b)
Start importing Assets/Model/POLYGON city pack/Prefabs/Props/Flower 1 prefab A.prefab using Guid(721f9aeb18a56f644828aa93a686bcd3) Importer(815301076,1909f56bfc062723c751e8b465ee728b)  -> (artifact id: '57c36e94a331a72d49dcbd0c159af06c') in 0.014992 seconds
Number of updated asset objects reloaded before import = 0
Number of asset objects unloaded after import = 11
========================================================================
Received Import Request.
  Time since last request: 0.000033 seconds.
  path: Assets/Model/POLYGON city pack/Prefabs/Props/flower 3 prefab.prefab
  artifactKey: Guid(6b24ffcfe69c69248a5197ca61cb57bf) Importer(815301076,1909f56bfc062723c751e8b465ee728b)
Start importing Assets/Model/POLYGON city pack/Prefabs/Props/flower 3 prefab.prefab using Guid(6b24ffcfe69c69248a5197ca61cb57bf) Importer(815301076,1909f56bfc062723c751e8b465ee728b)  -> (artifact id: 'fa5f745a6ddabf1e9f5fa5689a0a27c7') in 0.013539 seconds
Number of updated asset objects reloaded before import = 0
Number of asset objects unloaded after import = 11
========================================================================
Received Import Request.
  Time since last request: 0.000021 seconds.
  path: Assets/Model/POLYGON city pack/Prefabs/Props/Bush 2 mass prefab.prefab
  artifactKey: Guid(7c311e85b96e43d4aaaf68e86c127195) Importer(815301076,1909f56bfc062723c751e8b465ee728b)
Start importing Assets/Model/POLYGON city pack/Prefabs/Props/Bush 2 mass prefab.prefab using Guid(7c311e85b96e43d4aaaf68e86c127195) Importer(815301076,1909f56bfc062723c751e8b465ee728b)  -> (artifact id: '95015451488225ed0c51f2602a2860f9') in 0.015670 seconds
Number of updated asset objects reloaded before import = 0
Number of asset objects unloaded after import = 48
========================================================================
Received Import Request.
  Time since last request: 0.000019 seconds.
  path: Assets/Model/POLYGON city pack/Prefabs/Props/drain 1 prefab.prefab
  artifactKey: Guid(0222be6389069a24db934273f2a9f031) Importer(815301076,1909f56bfc062723c751e8b465ee728b)
Start importing Assets/Model/POLYGON city pack/Prefabs/Props/drain 1 prefab.prefab using Guid(0222be6389069a24db934273f2a9f031) Importer(815301076,1909f56bfc062723c751e8b465ee728b)  -> (artifact id: '734013ee0296e2d35b9b302d52c0b8b5') in 0.013962 seconds
Number of updated asset objects reloaded before import = 0
Number of asset objects unloaded after import = 12
========================================================================
Received Import Request.
  Time since last request: 0.964410 seconds.
  path: Assets/Model/POLYGON city pack/Prefabs/traffic signs/parking sign.prefab
  artifactKey: Guid(e27f1e8036aa32748b6e0aff27468160) Importer(815301076,1909f56bfc062723c751e8b465ee728b)
Start importing Assets/Model/POLYGON city pack/Prefabs/traffic signs/parking sign.prefab using Guid(e27f1e8036aa32748b6e0aff27468160) Importer(815301076,1909f56bfc062723c751e8b465ee728b)  -> (artifact id: '4c13158d8ab950cccf3a87a244086081') in 0.013646 seconds
Number of updated asset objects reloaded before import = 0
Number of asset objects unloaded after import = 12
========================================================================
Received Import Request.
  Time since last request: 0.000028 seconds.
  path: Assets/Model/POLYGON city pack/Prefabs/traffic signs/traffic sign speed 25.prefab
  artifactKey: Guid(f0184bee770e97e4e8ee6b82c967fbbf) Importer(815301076,1909f56bfc062723c751e8b465ee728b)
Start importing Assets/Model/POLYGON city pack/Prefabs/traffic signs/traffic sign speed 25.prefab using Guid(f0184bee770e97e4e8ee6b82c967fbbf) Importer(815301076,1909f56bfc062723c751e8b465ee728b)  -> (artifact id: '68315a1fa6395e00b20e561442e3c95e') in 0.012375 seconds
Number of updated asset objects reloaded before import = 0
Number of asset objects unloaded after import = 12
========================================================================
Received Import Request.
  Time since last request: 1.907647 seconds.
  path: Assets/Model/POLYGON city pack/Prefabs/Lamps/Lamp_1_prefab.prefab
  artifactKey: Guid(18f34cfb2ff07b34b82a0f8c7d75a020) Importer(815301076,1909f56bfc062723c751e8b465ee728b)
Start importing Assets/Model/POLYGON city pack/Prefabs/Lamps/Lamp_1_prefab.prefab using Guid(18f34cfb2ff07b34b82a0f8c7d75a020) Importer(815301076,1909f56bfc062723c751e8b465ee728b)  -> (artifact id: 'a8091489025128568b5a2f5181d60663') in 0.013408 seconds
Number of updated asset objects reloaded before import = 0
Number of asset objects unloaded after import = 18
========================================================================
Received Import Request.
  Time since last request: 0.000028 seconds.
  path: Assets/Model/POLYGON city pack/Prefabs/Lamps/Lamp_7_prefab.prefab
  artifactKey: Guid(48c232ddc1938bc40b73a1685a1672b1) Importer(815301076,1909f56bfc062723c751e8b465ee728b)
Start importing Assets/Model/POLYGON city pack/Prefabs/Lamps/Lamp_7_prefab.prefab using Guid(48c232ddc1938bc40b73a1685a1672b1) Importer(815301076,1909f56bfc062723c751e8b465ee728b)  -> (artifact id: '7478cd8ee7468e5b5ab56d2c44032886') in 0.010906 seconds
Number of updated asset objects reloaded before import = 0
Number of asset objects unloaded after import = 16
========================================================================
Received Import Request.
  Time since last request: 1202.163696 seconds.
  path: Assets/Model/POLYGON city pack/Meshes,textures/ways_FBX
  artifactKey: Guid(13c34b5f98c1f8343a7248c13bf256e0) Importer(815301076,1909f56bfc062723c751e8b465ee728b)
Start importing Assets/Model/POLYGON city pack/Meshes,textures/ways_FBX using Guid(13c34b5f98c1f8343a7248c13bf256e0) Importer(815301076,1909f56bfc062723c751e8b465ee728b)  -> (artifact id: '1ac79260d4aef8cae33238bdbeefad63') in 0.000586 seconds
Number of updated asset objects reloaded before import = 0
Number of asset objects unloaded after import = 0
========================================================================
Received Import Request.
  Time since last request: 0.084122 seconds.
  path: Assets/Model/POLYGON city pack/Meshes,textures/ways_FBX/dirt.png
  artifactKey: Guid(d90409e4a3fae7f46bbf0450da252846) Importer(815301076,1909f56bfc062723c751e8b465ee728b)
Start importing Assets/Model/POLYGON city pack/Meshes,textures/ways_FBX/dirt.png using Guid(d90409e4a3fae7f46bbf0450da252846) Importer(815301076,1909f56bfc062723c751e8b465ee728b)  -> (artifact id: '8ec252beb34dff8f0ea50bfa616153e9') in 0.022642 seconds
Number of updated asset objects reloaded before import = 0
Number of asset objects unloaded after import = 2
========================================================================
Received Import Request.
  Time since last request: 0.000394 seconds.
  path: Assets/Model/POLYGON city pack/Meshes,textures/ways_FBX/Sidewalk_01.fbx
  artifactKey: Guid(faa08b53d7deee946bf1beec5724cbca) Importer(815301076,1909f56bfc062723c751e8b465ee728b)
Start importing Assets/Model/POLYGON city pack/Meshes,textures/ways_FBX/Sidewalk_01.fbx using Guid(faa08b53d7deee946bf1beec5724cbca) Importer(815301076,1909f56bfc062723c751e8b465ee728b)  -> (artifact id: '671b92b0f46e3a568746ccc269b7f6d3') in 0.042218 seconds
Number of updated asset objects reloaded before import = 0
Number of asset objects unloaded after import = 10
========================================================================
Received Import Request.
  Time since last request: 0.000016 seconds.
  path: Assets/Model/POLYGON city pack/Meshes,textures/ways_FBX/WalkWay_04.fbx
  artifactKey: Guid(fc4024eccf2e45641b4ba017d8017796) Importer(815301076,1909f56bfc062723c751e8b465ee728b)
Start importing Assets/Model/POLYGON city pack/Meshes,textures/ways_FBX/WalkWay_04.fbx using Guid(fc4024eccf2e45641b4ba017d8017796) Importer(815301076,1909f56bfc062723c751e8b465ee728b)  -> (artifact id: '66e7b5faf401eb2038bd74f0ce0cd264') in 0.021615 seconds
Number of updated asset objects reloaded before import = 0
Number of asset objects unloaded after import = 9
========================================================================
Received Import Request.
  Time since last request: 0.000019 seconds.
  path: Assets/Model/POLYGON city pack/Meshes,textures/ways_FBX/Sidewalk_07.fbx
  artifactKey: Guid(4182ff7738f67c040a0d1657460afb50) Importer(815301076,1909f56bfc062723c751e8b465ee728b)
Start importing Assets/Model/POLYGON city pack/Meshes,textures/ways_FBX/Sidewalk_07.fbx using Guid(4182ff7738f67c040a0d1657460afb50) Importer(815301076,1909f56bfc062723c751e8b465ee728b)  -> (artifact id: 'a2588fa3f453db4cb1818fcec488fb67') in 0.018631 seconds
Number of updated asset objects reloaded before import = 0
Number of asset objects unloaded after import = 10
========================================================================
Received Import Request.
  Time since last request: 0.000014 seconds.
  path: Assets/Model/POLYGON city pack/Meshes,textures/ways_FBX/Street_05.png
  artifactKey: Guid(2c7f514cec9664e459574f2a54338a63) Importer(815301076,1909f56bfc062723c751e8b465ee728b)
Start importing Assets/Model/POLYGON city pack/Meshes,textures/ways_FBX/Street_05.png using Guid(2c7f514cec9664e459574f2a54338a63) Importer(815301076,1909f56bfc062723c751e8b465ee728b)  -> (artifact id: 'e8cd1218191005aa2956f705ac40f16d') in 0.009359 seconds
Number of updated asset objects reloaded before import = 0
Number of asset objects unloaded after import = 2
========================================================================
Received Import Request.
  Time since last request: 0.000016 seconds.
  path: Assets/Model/POLYGON city pack/Meshes,textures/ways_FBX/Street_21.png
  artifactKey: Guid(ee38df303c31c87478af52f4821cae02) Importer(815301076,1909f56bfc062723c751e8b465ee728b)
Start importing Assets/Model/POLYGON city pack/Meshes,textures/ways_FBX/Street_21.png using Guid(ee38df303c31c87478af52f4821cae02) Importer(815301076,1909f56bfc062723c751e8b465ee728b)  -> (artifact id: '2f459d4e5029d170f8f9fd0556e8f504') in 0.007831 seconds
Number of updated asset objects reloaded before import = 0
Number of asset objects unloaded after import = 2
========================================================================
Received Import Request.
  Time since last request: 0.000020 seconds.
  path: Assets/Model/POLYGON city pack/Meshes,textures/ways_FBX/StoneWay_04.fbx
  artifactKey: Guid(dbf2dc90616c0354c9e76aa2691a5dd3) Importer(815301076,1909f56bfc062723c751e8b465ee728b)
Start importing Assets/Model/POLYGON city pack/Meshes,textures/ways_FBX/StoneWay_04.fbx using Guid(dbf2dc90616c0354c9e76aa2691a5dd3) Importer(815301076,1909f56bfc062723c751e8b465ee728b)  -> (artifact id: 'd7253b3f3c0753105876086c8138692b') in 0.011445 seconds
Number of updated asset objects reloaded before import = 0
Number of asset objects unloaded after import = 9
========================================================================
Received Import Request.
  Time since last request: 0.000014 seconds.
  path: Assets/Model/POLYGON city pack/Meshes,textures/ways_FBX/Grass_stone_01.fbx
  artifactKey: Guid(0fe782be48025f043b62b5e25719953c) Importer(815301076,1909f56bfc062723c751e8b465ee728b)
Start importing Assets/Model/POLYGON city pack/Meshes,textures/ways_FBX/Grass_stone_01.fbx using Guid(0fe782be48025f043b62b5e25719953c) Importer(815301076,1909f56bfc062723c751e8b465ee728b)  -> (artifact id: '7c642e0d7f5da453f09f436dd122439b') in 0.016075 seconds
Number of updated asset objects reloaded before import = 0
Number of asset objects unloaded after import = 10
========================================================================
Received Import Request.
  Time since last request: 0.000024 seconds.
  path: Assets/Model/POLYGON city pack/Meshes,textures/ways_FBX/StoneWay_03.fbx
  artifactKey: Guid(64ee37e177ba4664a9ea99ddef04cc3b) Importer(815301076,1909f56bfc062723c751e8b465ee728b)
Start importing Assets/Model/POLYGON city pack/Meshes,textures/ways_FBX/StoneWay_03.fbx using Guid(64ee37e177ba4664a9ea99ddef04cc3b) Importer(815301076,1909f56bfc062723c751e8b465ee728b)  -> (artifact id: 'a503e1483d7613131eec1cad428d1d43') in 0.020844 seconds
Number of updated asset objects reloaded before import = 0
Number of asset objects unloaded after import = 8
========================================================================
Received Import Request.
  Time since last request: 0.000034 seconds.
  path: Assets/Model/POLYGON city pack/Meshes,textures/ways_FBX/Street_17.png
  artifactKey: Guid(32b5915d44a849840aa0e114836b50be) Importer(815301076,1909f56bfc062723c751e8b465ee728b)
Start importing Assets/Model/POLYGON city pack/Meshes,textures/ways_FBX/Street_17.png using Guid(32b5915d44a849840aa0e114836b50be) Importer(815301076,1909f56bfc062723c751e8b465ee728b)  -> (artifact id: '00adaff6fe6640c9be65268ed4bef8a1') in 0.012061 seconds
Number of updated asset objects reloaded before import = 0
Number of asset objects unloaded after import = 2
========================================================================
Received Import Request.
  Time since last request: 0.000016 seconds.
  path: Assets/Model/POLYGON city pack/Meshes,textures/ways_FBX/Street_10.png
  artifactKey: Guid(9dbb0934ce8bbc74fab652316a5c0a0b) Importer(815301076,1909f56bfc062723c751e8b465ee728b)
Start importing Assets/Model/POLYGON city pack/Meshes,textures/ways_FBX/Street_10.png using Guid(9dbb0934ce8bbc74fab652316a5c0a0b) Importer(815301076,1909f56bfc062723c751e8b465ee728b)  -> (artifact id: '1a0cd25f149b56daba555db449e02ad4') in 0.014301 seconds
Number of updated asset objects reloaded before import = 0
Number of asset objects unloaded after import = 2
========================================================================
Received Import Request.
  Time since last request: 0.000015 seconds.
  path: Assets/Model/POLYGON city pack/Meshes,textures/ways_FBX/Street_11.png
  artifactKey: Guid(850efbda83da95c4199f9a394657dd12) Importer(815301076,1909f56bfc062723c751e8b465ee728b)
Start importing Assets/Model/POLYGON city pack/Meshes,textures/ways_FBX/Street_11.png using Guid(850efbda83da95c4199f9a394657dd12) Importer(815301076,1909f56bfc062723c751e8b465ee728b)  -> (artifact id: 'bc47c179e701dd8cefc09f1ca80ad3ca') in 0.022305 seconds
Number of updated asset objects reloaded before import = 0
Number of asset objects unloaded after import = 2
========================================================================
Received Import Request.
  Time since last request: 0.000017 seconds.
  path: Assets/Model/POLYGON city pack/Meshes,textures/ways_FBX/Sidewalk_06.fbx
  artifactKey: Guid(d868f43c7beb58240be5c9d7c39d5d6f) Importer(815301076,1909f56bfc062723c751e8b465ee728b)
Start importing Assets/Model/POLYGON city pack/Meshes,textures/ways_FBX/Sidewalk_06.fbx using Guid(d868f43c7beb58240be5c9d7c39d5d6f) Importer(815301076,1909f56bfc062723c751e8b465ee728b)  -> (artifact id: '0dafd594fb3a9761bb5c2eabcc2f67e0') in 0.014357 seconds
Number of updated asset objects reloaded before import = 0
Number of asset objects unloaded after import = 10
========================================================================
Received Import Request.
  Time since last request: 0.000015 seconds.
  path: Assets/Model/POLYGON city pack/Meshes,textures/ways_FBX/Street_02.png
  artifactKey: Guid(6c92bbd88ca95564cbdeefe69536944f) Importer(815301076,1909f56bfc062723c751e8b465ee728b)
Start importing Assets/Model/POLYGON city pack/Meshes,textures/ways_FBX/Street_02.png using Guid(6c92bbd88ca95564cbdeefe69536944f) Importer(815301076,1909f56bfc062723c751e8b465ee728b)  -> (artifact id: 'f86f313a4ff6c4af460cde4f1ea060ad') in 0.011963 seconds
Number of updated asset objects reloaded before import = 0
Number of asset objects unloaded after import = 2
========================================================================
Received Import Request.
  Time since last request: 0.000014 seconds.
  path: Assets/Model/POLYGON city pack/Meshes,textures/ways_FBX/Grass_stone_02.fbx
  artifactKey: Guid(debcce6af33ad3e40835b6538c57dbe4) Importer(815301076,1909f56bfc062723c751e8b465ee728b)
Start importing Assets/Model/POLYGON city pack/Meshes,textures/ways_FBX/Grass_stone_02.fbx using Guid(debcce6af33ad3e40835b6538c57dbe4) Importer(815301076,1909f56bfc062723c751e8b465ee728b)  -> (artifact id: 'd144464f803c8ae2d0b66877485b4879') in 0.012812 seconds
Number of updated asset objects reloaded before import = 0
Number of asset objects unloaded after import = 9
========================================================================
Received Import Request.
  Time since last request: 0.000011 seconds.
  path: Assets/Model/POLYGON city pack/Meshes,textures/ways_FBX/StoneWay_01.fbx
  artifactKey: Guid(bb6629eac29552442bacb98796db44b5) Importer(815301076,1909f56bfc062723c751e8b465ee728b)
Start importing Assets/Model/POLYGON city pack/Meshes,textures/ways_FBX/StoneWay_01.fbx using Guid(bb6629eac29552442bacb98796db44b5) Importer(815301076,1909f56bfc062723c751e8b465ee728b)  -> (artifact id: 'e9aa6468a9fe6e581c3736f9763724ab') in 0.015189 seconds
Number of updated asset objects reloaded before import = 0
Number of asset objects unloaded after import = 9
========================================================================
Received Import Request.
  Time since last request: 0.000016 seconds.
  path: Assets/Model/POLYGON city pack/Meshes,textures/ways_FBX/StoneWay_02.fbx
  artifactKey: Guid(4e3e059c89323914fb36eb8b12ecc6ba) Importer(815301076,1909f56bfc062723c751e8b465ee728b)
Start importing Assets/Model/POLYGON city pack/Meshes,textures/ways_FBX/StoneWay_02.fbx using Guid(4e3e059c89323914fb36eb8b12ecc6ba) Importer(815301076,1909f56bfc062723c751e8b465ee728b)  -> (artifact id: '67cac94319f3f2ee1c20cdc5e190f78d') in 0.018963 seconds
Number of updated asset objects reloaded before import = 0
Number of asset objects unloaded after import = 9
========================================================================
Received Import Request.
  Time since last request: 0.000017 seconds.
  path: Assets/Model/POLYGON city pack/Meshes,textures/ways_FBX/Street_07.png
  artifactKey: Guid(bd4bd47040e183046b91ea031cd728a4) Importer(815301076,1909f56bfc062723c751e8b465ee728b)
Start importing Assets/Model/POLYGON city pack/Meshes,textures/ways_FBX/Street_07.png using Guid(bd4bd47040e183046b91ea031cd728a4) Importer(815301076,1909f56bfc062723c751e8b465ee728b)  -> (artifact id: 'a89e3430186acf43ad00c5a8b1e630a7') in 0.010193 seconds
Number of updated asset objects reloaded before import = 0
Number of asset objects unloaded after import = 2
========================================================================
Received Import Request.
  Time since last request: 0.000015 seconds.
  path: Assets/Model/POLYGON city pack/Meshes,textures/ways_FBX/WalkWay_02.fbx
  artifactKey: Guid(82f4eb25e074d5046be961abf9216a71) Importer(815301076,1909f56bfc062723c751e8b465ee728b)
Start importing Assets/Model/POLYGON city pack/Meshes,textures/ways_FBX/WalkWay_02.fbx using Guid(82f4eb25e074d5046be961abf9216a71) Importer(815301076,1909f56bfc062723c751e8b465ee728b)  -> (artifact id: 'cf5a6998fa36193ddea8da73965ebf00') in 0.018697 seconds
Number of updated asset objects reloaded before import = 0
Number of asset objects unloaded after import = 9
========================================================================
Received Import Request.
  Time since last request: 0.000016 seconds.
  path: Assets/Model/POLYGON city pack/Meshes,textures/ways_FBX/Sidewalk_02.fbx
  artifactKey: Guid(5cda09505d63c3648948754884a882d1) Importer(815301076,1909f56bfc062723c751e8b465ee728b)
Start importing Assets/Model/POLYGON city pack/Meshes,textures/ways_FBX/Sidewalk_02.fbx using Guid(5cda09505d63c3648948754884a882d1) Importer(815301076,1909f56bfc062723c751e8b465ee728b)  -> (artifact id: 'e637211e9b9a014b89f3563df14d361a') in 0.022618 seconds
Number of updated asset objects reloaded before import = 0
Number of asset objects unloaded after import = 9
========================================================================
Received Import Request.
  Time since last request: 0.000014 seconds.
  path: Assets/Model/POLYGON city pack/Meshes,textures/ways_FBX/Street_15.png
  artifactKey: Guid(aa610e8644ac7c640a839fb4249a132e) Importer(815301076,1909f56bfc062723c751e8b465ee728b)
Start importing Assets/Model/POLYGON city pack/Meshes,textures/ways_FBX/Street_15.png using Guid(aa610e8644ac7c640a839fb4249a132e) Importer(815301076,1909f56bfc062723c751e8b465ee728b)  -> (artifact id: 'e6ff202a043ca398a25c3a4aa122f8d9') in 0.010823 seconds
Number of updated asset objects reloaded before import = 0
Number of asset objects unloaded after import = 2
========================================================================
Received Import Request.
  Time since last request: 0.000048 seconds.
  path: Assets/Model/POLYGON city pack/Meshes,textures/ways_FBX/street_.fbx
  artifactKey: Guid(72e65272e9752d842a914dd27fd86306) Importer(815301076,1909f56bfc062723c751e8b465ee728b)
Start importing Assets/Model/POLYGON city pack/Meshes,textures/ways_FBX/street_.fbx using Guid(72e65272e9752d842a914dd27fd86306) Importer(815301076,1909f56bfc062723c751e8b465ee728b)  -> (artifact id: 'ad8e02d33b5c56c7683dc922ad9dd5a5') in 0.013584 seconds
Number of updated asset objects reloaded before import = 0
Number of asset objects unloaded after import = 8
========================================================================
Received Import Request.
  Time since last request: 0.000030 seconds.
  path: Assets/Model/POLYGON city pack/Meshes,textures/ways_FBX/Street_14.png
  artifactKey: Guid(6419c6715f214574780b4df6e404ccdc) Importer(815301076,1909f56bfc062723c751e8b465ee728b)
Start importing Assets/Model/POLYGON city pack/Meshes,textures/ways_FBX/Street_14.png using Guid(6419c6715f214574780b4df6e404ccdc) Importer(815301076,1909f56bfc062723c751e8b465ee728b)  -> (artifact id: '738f76415d12d9dbc5f31b6acd5566e5') in 0.017665 seconds
Number of updated asset objects reloaded before import = 0
Number of asset objects unloaded after import = 2
========================================================================
Received Import Request.
  Time since last request: 0.000036 seconds.
  path: Assets/Model/POLYGON city pack/Meshes,textures/ways_FBX/Street_16.png
  artifactKey: Guid(7d836f8b221a22441998cd173e26e08f) Importer(815301076,1909f56bfc062723c751e8b465ee728b)
Start importing Assets/Model/POLYGON city pack/Meshes,textures/ways_FBX/Street_16.png using Guid(7d836f8b221a22441998cd173e26e08f) Importer(815301076,1909f56bfc062723c751e8b465ee728b)  -> (artifact id: 'a544e19b9d5460532acf76a6ef2f0ac3') in 0.012133 seconds
Number of updated asset objects reloaded before import = 0
Number of asset objects unloaded after import = 2
========================================================================
Received Import Request.
  Time since last request: 0.000023 seconds.
  path: Assets/Model/POLYGON city pack/Meshes,textures/ways_FBX/Street_01.png
  artifactKey: Guid(e827ea08b3f1f9c4ca6b18cc6f37d829) Importer(815301076,1909f56bfc062723c751e8b465ee728b)
Start importing Assets/Model/POLYGON city pack/Meshes,textures/ways_FBX/Street_01.png using Guid(e827ea08b3f1f9c4ca6b18cc6f37d829) Importer(815301076,1909f56bfc062723c751e8b465ee728b)  -> (artifact id: '7c2982b34df565d25f5bf007282bb7bb') in 0.009523 seconds
Number of updated asset objects reloaded before import = 0
Number of asset objects unloaded after import = 2
========================================================================
Received Import Request.
  Time since last request: 0.000020 seconds.
  path: Assets/Model/POLYGON city pack/Meshes,textures/ways_FBX/Street_19.png
  artifactKey: Guid(32cea9d70b357e24794efe5832826bd5) Importer(815301076,1909f56bfc062723c751e8b465ee728b)
Start importing Assets/Model/POLYGON city pack/Meshes,textures/ways_FBX/Street_19.png using Guid(32cea9d70b357e24794efe5832826bd5) Importer(815301076,1909f56bfc062723c751e8b465ee728b)  -> (artifact id: 'c9b712f2faa9b1b33dbd15a976e6054c') in 0.011187 seconds
Number of updated asset objects reloaded before import = 0
Number of asset objects unloaded after import = 2
========================================================================
Received Import Request.
  Time since last request: 48.973270 seconds.
  path: Assets/Model/POLYGON city pack/Meshes,textures/Shops_FBX/Gas_pump_texture.png
  artifactKey: Guid(eb51553d840fc824a9b6b45fefb28750) Importer(815301076,1909f56bfc062723c751e8b465ee728b)
Start importing Assets/Model/POLYGON city pack/Meshes,textures/Shops_FBX/Gas_pump_texture.png using Guid(eb51553d840fc824a9b6b45fefb28750) Importer(815301076,1909f56bfc062723c751e8b465ee728b)  -> (artifact id: '8eac9479c387c02d9cf4bf139167ec40') in 0.014784 seconds
Number of updated asset objects reloaded before import = 0
Number of asset objects unloaded after import = 2
========================================================================
Received Import Request.
  Time since last request: 0.000015 seconds.
  path: Assets/Model/POLYGON city pack/Meshes,textures/Shops_FBX/Shop_C_texture.png
  artifactKey: Guid(c6e35c2db1747094ebff43d3d5dd823d) Importer(815301076,1909f56bfc062723c751e8b465ee728b)
Start importing Assets/Model/POLYGON city pack/Meshes,textures/Shops_FBX/Shop_C_texture.png using Guid(c6e35c2db1747094ebff43d3d5dd823d) Importer(815301076,1909f56bfc062723c751e8b465ee728b)  -> (artifact id: '29104cca62dae6b4d163db53337530da') in 0.010955 seconds
Number of updated asset objects reloaded before import = 0
Number of asset objects unloaded after import = 2
========================================================================
Received Import Request.
  Time since last request: 0.000014 seconds.
  path: Assets/Model/POLYGON city pack/Meshes,textures/Shops_FBX/Shop_C.fbx
  artifactKey: Guid(96aaef09f81d3bd4583753e91476cfdc) Importer(815301076,1909f56bfc062723c751e8b465ee728b)
Start importing Assets/Model/POLYGON city pack/Meshes,textures/Shops_FBX/Shop_C.fbx using Guid(96aaef09f81d3bd4583753e91476cfdc) Importer(815301076,1909f56bfc062723c751e8b465ee728b)  -> (artifact id: '36a1dd8ee39fd4554f4f69f278147060') in 0.025248 seconds
Number of updated asset objects reloaded before import = 0
Number of asset objects unloaded after import = 31
========================================================================
Received Import Request.
  Time since last request: 0.000016 seconds.
  path: Assets/Model/POLYGON city pack/Meshes,textures/Shops_FBX/Supermaket.fbx
  artifactKey: Guid(7a2a20b7d787ff94dbb3d2badebe5d32) Importer(815301076,1909f56bfc062723c751e8b465ee728b)
Start importing Assets/Model/POLYGON city pack/Meshes,textures/Shops_FBX/Supermaket.fbx using Guid(7a2a20b7d787ff94dbb3d2badebe5d32) Importer(815301076,1909f56bfc062723c751e8b465ee728b)  -> (artifact id: '35c6c85121d9b84d5a49aed3064b391c') in 0.024143 seconds
Number of updated asset objects reloaded before import = 0
Number of asset objects unloaded after import = 20
========================================================================
Received Import Request.
  Time since last request: 1.569516 seconds.
  path: Assets/Model/POLYGON city pack/Materials/Day.mat
  artifactKey: Guid(dfd5fe4561034804291bb92fffe808d9) Importer(815301076,1909f56bfc062723c751e8b465ee728b)
Start importing Assets/Model/POLYGON city pack/Materials/Day.mat using Guid(dfd5fe4561034804291bb92fffe808d9) Importer(815301076,1909f56bfc062723c751e8b465ee728b)  -> (artifact id: '7ffd97300652d76edf31532a51c18dd3') in 0.081065 seconds
Number of updated asset objects reloaded before import = 0
Number of asset objects unloaded after import = 1
========================================================================
Received Import Request.
  Time since last request: 1047.341561 seconds.
  path: Assets/Model/POLYGON city pack/Meshes,textures/Buildings_FBX/Bank.fbx
  artifactKey: Guid(5f4bf4a930a2f2f4e935361af4a6b922) Importer(815301076,1909f56bfc062723c751e8b465ee728b)
Start importing Assets/Model/POLYGON city pack/Meshes,textures/Buildings_FBX/Bank.fbx using Guid(5f4bf4a930a2f2f4e935361af4a6b922) Importer(815301076,1909f56bfc062723c751e8b465ee728b)  -> (artifact id: 'e8a6cfe39325b87721586b2e1bd4549c') in 0.022245 seconds
Number of updated asset objects reloaded before import = 0
Number of asset objects unloaded after import = 24
========================================================================
Received Import Request.
  Time since last request: 0.000024 seconds.
  path: Assets/Model/POLYGON city pack/Meshes,textures/Buildings_FBX/Build_G-Middle.fbx
  artifactKey: Guid(883203dc2a015234fad00299c603aaf6) Importer(815301076,1909f56bfc062723c751e8b465ee728b)
Start importing Assets/Model/POLYGON city pack/Meshes,textures/Buildings_FBX/Build_G-Middle.fbx using Guid(883203dc2a015234fad00299c603aaf6) Importer(815301076,1909f56bfc062723c751e8b465ee728b)  -> (artifact id: '5b4118e00b65b399e3a3527c5b0b47dc') in 0.022565 seconds
Number of updated asset objects reloaded before import = 0
Number of asset objects unloaded after import = 19
========================================================================
Received Import Request.
  Time since last request: 0.000016 seconds.
  path: Assets/Model/POLYGON city pack/Meshes,textures/Buildings_FBX/Building_E.fbx
  artifactKey: Guid(07a6cb84d61f3a148a0ba4f8107f49d4) Importer(815301076,1909f56bfc062723c751e8b465ee728b)
Start importing Assets/Model/POLYGON city pack/Meshes,textures/Buildings_FBX/Building_E.fbx using Guid(07a6cb84d61f3a148a0ba4f8107f49d4) Importer(815301076,1909f56bfc062723c751e8b465ee728b)  -> (artifact id: 'd38ec97746aeec4682e827ce2670bd11') in 0.025684 seconds
Number of updated asset objects reloaded before import = 0
Number of asset objects unloaded after import = 20
========================================================================
Received Import Request.
  Time since last request: 0.000025 seconds.
  path: Assets/Model/POLYGON city pack/Meshes,textures/Buildings_FBX/Building_V.fbx
  artifactKey: Guid(558bbea23f640ae4192711124ba66db2) Importer(815301076,1909f56bfc062723c751e8b465ee728b)
Start importing Assets/Model/POLYGON city pack/Meshes,textures/Buildings_FBX/Building_V.fbx using Guid(558bbea23f640ae4192711124ba66db2) Importer(815301076,1909f56bfc062723c751e8b465ee728b)  -> (artifact id: '99ac76b0999c4f20fe6fcbe40d840590') in 0.019436 seconds
Number of updated asset objects reloaded before import = 0
Number of asset objects unloaded after import = 15
========================================================================
Received Import Request.
  Time since last request: 0.000013 seconds.
  path: Assets/Model/POLYGON city pack/Meshes,textures/Buildings_FBX/Motel.fbx
  artifactKey: Guid(6efe3076d9dfcb24e9623a78b56b2cca) Importer(815301076,1909f56bfc062723c751e8b465ee728b)
Start importing Assets/Model/POLYGON city pack/Meshes,textures/Buildings_FBX/Motel.fbx using Guid(6efe3076d9dfcb24e9623a78b56b2cca) Importer(815301076,1909f56bfc062723c751e8b465ee728b)  -> (artifact id: '3080056ce2ad4576649c9cdeb9e28eea') in 0.021465 seconds
Number of updated asset objects reloaded before import = 0
Number of asset objects unloaded after import = 23
========================================================================
Received Import Request.
  Time since last request: 0.000012 seconds.
  path: Assets/Model/POLYGON city pack/Meshes,textures/Buildings_FBX/Building_S.fbx
  artifactKey: Guid(3fab1f7a90008e040b11b8572671b4fd) Importer(815301076,1909f56bfc062723c751e8b465ee728b)
Start importing Assets/Model/POLYGON city pack/Meshes,textures/Buildings_FBX/Building_S.fbx using Guid(3fab1f7a90008e040b11b8572671b4fd) Importer(815301076,1909f56bfc062723c751e8b465ee728b)  -> (artifact id: 'a5760db6824827bd4046dadf01504583') in 0.018247 seconds
Number of updated asset objects reloaded before import = 0
Number of asset objects unloaded after import = 18
========================================================================
Received Import Request.
  Time since last request: 0.000024 seconds.
  path: Assets/Model/POLYGON city pack/Meshes,textures/Buildings_FBX/Building_i_3Texture.png
  artifactKey: Guid(beb784968caebcd4ba8e79d9dd751ecc) Importer(815301076,1909f56bfc062723c751e8b465ee728b)
Start importing Assets/Model/POLYGON city pack/Meshes,textures/Buildings_FBX/Building_i_3Texture.png using Guid(beb784968caebcd4ba8e79d9dd751ecc) Importer(815301076,1909f56bfc062723c751e8b465ee728b)  -> (artifact id: '2d7ded30d6697bcf99fe0bef21e67139') in 0.011461 seconds
Number of updated asset objects reloaded before import = 0
Number of asset objects unloaded after import = 2
========================================================================
Received Import Request.
  Time since last request: 0.000037 seconds.
  path: Assets/Model/POLYGON city pack/Meshes,textures/Buildings_FBX/Hospital.fbx
  artifactKey: Guid(44bfb99e17f0b5a4ebfcdecba2921495) Importer(815301076,1909f56bfc062723c751e8b465ee728b)
Start importing Assets/Model/POLYGON city pack/Meshes,textures/Buildings_FBX/Hospital.fbx using Guid(44bfb99e17f0b5a4ebfcdecba2921495) Importer(815301076,1909f56bfc062723c751e8b465ee728b)  -> (artifact id: 'e93db7a1e87c819db6928d2352d3918a') in 0.024145 seconds
Number of updated asset objects reloaded before import = 0
Number of asset objects unloaded after import = 21
========================================================================
Received Import Request.
  Time since last request: 0.000015 seconds.
  path: Assets/Model/POLYGON city pack/Meshes,textures/Buildings_FBX/Building_F.fbx
  artifactKey: Guid(1eff86bacbfcee04fae528f76228c44d) Importer(815301076,1909f56bfc062723c751e8b465ee728b)
Start importing Assets/Model/POLYGON city pack/Meshes,textures/Buildings_FBX/Building_F.fbx using Guid(1eff86bacbfcee04fae528f76228c44d) Importer(815301076,1909f56bfc062723c751e8b465ee728b)  -> (artifact id: 'dbdf759d818b7b8fb59110e702f5e661') in 0.022962 seconds
Number of updated asset objects reloaded before import = 0
Number of asset objects unloaded after import = 22
========================================================================
Received Import Request.
  Time since last request: 0.000037 seconds.
  path: Assets/Model/POLYGON city pack/Meshes,textures/Buildings_FBX/Building_C1.fbx
  artifactKey: Guid(aa2b0ff9d71916c4aa2e1d9699c459fc) Importer(815301076,1909f56bfc062723c751e8b465ee728b)
Start importing Assets/Model/POLYGON city pack/Meshes,textures/Buildings_FBX/Building_C1.fbx using Guid(aa2b0ff9d71916c4aa2e1d9699c459fc) Importer(815301076,1909f56bfc062723c751e8b465ee728b)  -> (artifact id: '9f5d8cf6bdf6d45a2c5a599b86c1dfc9') in 0.020878 seconds
Number of updated asset objects reloaded before import = 0
Number of asset objects unloaded after import = 21
========================================================================
Received Import Request.
  Time since last request: 0.000019 seconds.
  path: Assets/Model/POLYGON city pack/Meshes,textures/Buildings_FBX/Building_T.fbx
  artifactKey: Guid(314535d2ba8e3f64bbcbdcec6bd88089) Importer(815301076,1909f56bfc062723c751e8b465ee728b)
Start importing Assets/Model/POLYGON city pack/Meshes,textures/Buildings_FBX/Building_T.fbx using Guid(314535d2ba8e3f64bbcbdcec6bd88089) Importer(815301076,1909f56bfc062723c751e8b465ee728b)  -> (artifact id: '0703813dafa07deb20a9c85f4bf27fb2') in 0.018549 seconds
Number of updated asset objects reloaded before import = 0
Number of asset objects unloaded after import = 20
========================================================================
Received Import Request.
  Time since last request: 0.000014 seconds.
  path: Assets/Model/POLYGON city pack/Meshes,textures/Buildings_FBX/Car_repair.fbx
  artifactKey: Guid(e23e0fc23782369459f4fb6719065dbf) Importer(815301076,1909f56bfc062723c751e8b465ee728b)
Start importing Assets/Model/POLYGON city pack/Meshes,textures/Buildings_FBX/Car_repair.fbx using Guid(e23e0fc23782369459f4fb6719065dbf) Importer(815301076,1909f56bfc062723c751e8b465ee728b)  -> (artifact id: '09282efc05521d3b9707e8f10e0abd3a') in 0.023207 seconds
Number of updated asset objects reloaded before import = 0
Number of asset objects unloaded after import = 22
========================================================================
Received Import Request.
  Time since last request: 0.000016 seconds.
  path: Assets/Model/POLYGON city pack/Meshes,textures/Buildings_FBX/Fire_department_texture.png
  artifactKey: Guid(f7347a3d7c578444e84b1d5490470ca7) Importer(815301076,1909f56bfc062723c751e8b465ee728b)
Start importing Assets/Model/POLYGON city pack/Meshes,textures/Buildings_FBX/Fire_department_texture.png using Guid(f7347a3d7c578444e84b1d5490470ca7) Importer(815301076,1909f56bfc062723c751e8b465ee728b)  -> (artifact id: 'dee6635951c58a7bccc1117daa64d0fd') in 0.014558 seconds
Number of updated asset objects reloaded before import = 0
Number of asset objects unloaded after import = 2
========================================================================
Received Import Request.
  Time since last request: 0.000020 seconds.
  path: Assets/Model/POLYGON city pack/Meshes,textures/Buildings_FBX/Building_p.fbx
  artifactKey: Guid(2682e52c63253084ca380388ee483ba3) Importer(815301076,1909f56bfc062723c751e8b465ee728b)
Start importing Assets/Model/POLYGON city pack/Meshes,textures/Buildings_FBX/Building_p.fbx using Guid(2682e52c63253084ca380388ee483ba3) Importer(815301076,1909f56bfc062723c751e8b465ee728b)  -> (artifact id: 'b9259c05d87134c6433d3ee6acfce2ef') in 0.025519 seconds
Number of updated asset objects reloaded before import = 0
Number of asset objects unloaded after import = 18
========================================================================
Received Import Request.
  Time since last request: 0.000016 seconds.
  path: Assets/Model/POLYGON city pack/Meshes,textures/Buildings_FBX/Building_Q.fbx
  artifactKey: Guid(ae99bed506348de4d83879e6cc70874e) Importer(815301076,1909f56bfc062723c751e8b465ee728b)
Start importing Assets/Model/POLYGON city pack/Meshes,textures/Buildings_FBX/Building_Q.fbx using Guid(ae99bed506348de4d83879e6cc70874e) Importer(815301076,1909f56bfc062723c751e8b465ee728b)  -> (artifact id: 'f2283339f0e439f98b3bdc940e3e21a3') in 0.020651 seconds
Number of updated asset objects reloaded before import = 0
Number of asset objects unloaded after import = 20
========================================================================
Received Import Request.
  Time since last request: 0.000020 seconds.
  path: Assets/Model/POLYGON city pack/Meshes,textures/Buildings_FBX/Build_G-Right.fbx
  artifactKey: Guid(bb1edca309ad0a442b0a690fc4e4a944) Importer(815301076,1909f56bfc062723c751e8b465ee728b)
Start importing Assets/Model/POLYGON city pack/Meshes,textures/Buildings_FBX/Build_G-Right.fbx using Guid(bb1edca309ad0a442b0a690fc4e4a944) Importer(815301076,1909f56bfc062723c751e8b465ee728b)  -> (artifact id: '488db31e228fe3e09997e0645246c381') in 0.026491 seconds
Number of updated asset objects reloaded before import = 0
Number of asset objects unloaded after import = 19
========================================================================
Received Import Request.
  Time since last request: 0.000036 seconds.
  path: Assets/Model/POLYGON city pack/Meshes,textures/Buildings_FBX/Police_station.fbx
  artifactKey: Guid(9829747c92e671a418cf78d14678b4fd) Importer(815301076,1909f56bfc062723c751e8b465ee728b)
Start importing Assets/Model/POLYGON city pack/Meshes,textures/Buildings_FBX/Police_station.fbx using Guid(9829747c92e671a418cf78d14678b4fd) Importer(815301076,1909f56bfc062723c751e8b465ee728b)  -> (artifact id: 'd50dbbd399e97ca59b4ce3afbb289dce') in 0.025339 seconds
Number of updated asset objects reloaded before import = 0
Number of asset objects unloaded after import = 25
========================================================================
Received Import Request.
  Time since last request: 0.000013 seconds.
  path: Assets/Model/POLYGON city pack/Meshes,textures/Buildings_FBX/Building_I_2.fbx
  artifactKey: Guid(9f70c3b25552f8c4cbfc2dc5b60b2c0e) Importer(815301076,1909f56bfc062723c751e8b465ee728b)
Start importing Assets/Model/POLYGON city pack/Meshes,textures/Buildings_FBX/Building_I_2.fbx using Guid(9f70c3b25552f8c4cbfc2dc5b60b2c0e) Importer(815301076,1909f56bfc062723c751e8b465ee728b)  -> (artifact id: '00f2b7504a6408188b2f25cfb3bc32ca') in 0.025585 seconds
Number of updated asset objects reloaded before import = 0
Number of asset objects unloaded after import = 32
========================================================================
Received Import Request.
  Time since last request: 0.000023 seconds.
  path: Assets/Model/POLYGON city pack/Meshes,textures/Buildings_FBX/Building_I_3.fbx
  artifactKey: Guid(5f301a1810c24654091e4f8bcbff39c2) Importer(815301076,1909f56bfc062723c751e8b465ee728b)
Start importing Assets/Model/POLYGON city pack/Meshes,textures/Buildings_FBX/Building_I_3.fbx using Guid(5f301a1810c24654091e4f8bcbff39c2) Importer(815301076,1909f56bfc062723c751e8b465ee728b)  -> (artifact id: '1882541ec2e5868c8a30fb42439f328d') in 0.026997 seconds
Number of updated asset objects reloaded before import = 0
Number of asset objects unloaded after import = 27
========================================================================
Received Import Request.
  Time since last request: 0.000017 seconds.
  path: Assets/Model/POLYGON city pack/Meshes,textures/Buildings_FBX/Building_u.fbx
  artifactKey: Guid(35ce32ffea177fb4db15a088cc468505) Importer(815301076,1909f56bfc062723c751e8b465ee728b)
Start importing Assets/Model/POLYGON city pack/Meshes,textures/Buildings_FBX/Building_u.fbx using Guid(35ce32ffea177fb4db15a088cc468505) Importer(815301076,1909f56bfc062723c751e8b465ee728b)  -> (artifact id: 'c0a3a332883578149ae9e37533da1ed8') in 0.023046 seconds
Number of updated asset objects reloaded before import = 0
Number of asset objects unloaded after import = 19
========================================================================
Received Import Request.
  Time since last request: 0.000020 seconds.
  path: Assets/Model/POLYGON city pack/Meshes,textures/Buildings_FBX/Building_N.fbx
  artifactKey: Guid(55ca7edad2f1e3b40b4dc5801b9f454b) Importer(815301076,1909f56bfc062723c751e8b465ee728b)
Start importing Assets/Model/POLYGON city pack/Meshes,textures/Buildings_FBX/Building_N.fbx using Guid(55ca7edad2f1e3b40b4dc5801b9f454b) Importer(815301076,1909f56bfc062723c751e8b465ee728b)  -> (artifact id: '3fb9091bc71d50a4984eab429f2a6938') in 0.015248 seconds
Number of updated asset objects reloaded before import = 0
Number of asset objects unloaded after import = 19
========================================================================
Received Import Request.
  Time since last request: 0.000027 seconds.
  path: Assets/Model/POLYGON city pack/Meshes,textures/Buildings_FBX/Fire_department.fbx
  artifactKey: Guid(91ddddc8ac960484a9abe1b9c024542e) Importer(815301076,1909f56bfc062723c751e8b465ee728b)
Start importing Assets/Model/POLYGON city pack/Meshes,textures/Buildings_FBX/Fire_department.fbx using Guid(91ddddc8ac960484a9abe1b9c024542e) Importer(815301076,1909f56bfc062723c751e8b465ee728b)  -> (artifact id: '1eaaed74532bbdc73604072bf18b18b4') in 0.019269 seconds
Number of updated asset objects reloaded before import = 0
Number of asset objects unloaded after import = 19
========================================================================
Received Import Request.
  Time since last request: 24.276291 seconds.
  path: Assets/Model/Animals_FREE/Prefabs
  artifactKey: Guid(146468f8d2ebe6046b7bf64dd0c3895d) Importer(815301076,1909f56bfc062723c751e8b465ee728b)
Start importing Assets/Model/Animals_FREE/Prefabs using Guid(146468f8d2ebe6046b7bf64dd0c3895d) Importer(815301076,1909f56bfc062723c751e8b465ee728b)  -> (artifact id: 'd7956e9a93a8fcc9a0cd7dcbfa7891ce') in 0.000487 seconds
Number of updated asset objects reloaded before import = 0
Number of asset objects unloaded after import = 0
========================================================================
Received Import Request.
  Time since last request: 0.045657 seconds.
  path: Assets/Model/Animals_FREE/Prefabs/Chicken_001.prefab
  artifactKey: Guid(149b70b364be9b64d9e331169f8b5c28) Importer(815301076,1909f56bfc062723c751e8b465ee728b)
Start importing Assets/Model/Animals_FREE/Prefabs/Chicken_001.prefab using Guid(149b70b364be9b64d9e331169f8b5c28) Importer(815301076,1909f56bfc062723c751e8b465ee728b)  -> (artifact id: '2fe8810f4a2cd8adb488db67442ceb41') in 0.031354 seconds
Number of updated asset objects reloaded before import = 0
Number of asset objects unloaded after import = 126
========================================================================
Received Import Request.
  Time since last request: 1.811439 seconds.
  path: Assets/Model/Animals_FREE/Meshes/Chicken_001.fbx
  artifactKey: Guid(750998db7fd03a34d9b732aa156d66fe) Importer(815301076,1909f56bfc062723c751e8b465ee728b)
Start importing Assets/Model/Animals_FREE/Meshes/Chicken_001.fbx using Guid(750998db7fd03a34d9b732aa156d66fe) Importer(815301076,1909f56bfc062723c751e8b465ee728b)  -> (artifact id: '181daac643c55942d4849abe061ed2a9') in 0.035302 seconds
Number of updated asset objects reloaded before import = 0
Number of asset objects unloaded after import = 64
========================================================================
Received Import Request.
  Time since last request: 0.987919 seconds.
  path: Assets/Model/Animals_FREE/Materials/Color.mat
  artifactKey: Guid(4bc6206bdc7c5144792f63d943f03532) Importer(815301076,1909f56bfc062723c751e8b465ee728b)
Start importing Assets/Model/Animals_FREE/Materials/Color.mat using Guid(4bc6206bdc7c5144792f63d943f03532) Importer(815301076,1909f56bfc062723c751e8b465ee728b)  -> (artifact id: '89117943cf6334aa8439a4dbea9b3791') in 0.014064 seconds
Number of updated asset objects reloaded before import = 0
Number of asset objects unloaded after import = 2
========================================================================
Received Import Request.
  Time since last request: 9.159498 seconds.
  path: Assets/Model/HQP STUDIOS/Food Pack - Low Poly Sweets/Prefabs/Coffee Props
  artifactKey: Guid(9dba140787232a04fa6bbdd65642dbaa) Importer(815301076,1909f56bfc062723c751e8b465ee728b)
Start importing Assets/Model/HQP STUDIOS/Food Pack - Low Poly Sweets/Prefabs/Coffee Props using Guid(9dba140787232a04fa6bbdd65642dbaa) Importer(815301076,1909f56bfc062723c751e8b465ee728b)  -> (artifact id: '4550d735600f09383f17552305a423ed') in 0.000396 seconds
Number of updated asset objects reloaded before import = 0
Number of asset objects unloaded after import = 0
========================================================================
Received Import Request.
  Time since last request: 13.169408 seconds.
  path: Assets/Model/POLYGON city pack/Prefabs/Props/streetprop prefab.prefab
  artifactKey: Guid(b9241325cf17fc546b1db887ded397d9) Importer(815301076,1909f56bfc062723c751e8b465ee728b)
Start importing Assets/Model/POLYGON city pack/Prefabs/Props/streetprop prefab.prefab using Guid(b9241325cf17fc546b1db887ded397d9) Importer(815301076,1909f56bfc062723c751e8b465ee728b)  -> (artifact id: 'f887e4483d32bb156dfb3884e53978c2') in 0.020152 seconds
Number of updated asset objects reloaded before import = 0
Number of asset objects unloaded after import = 11
========================================================================
Received Import Request.
  Time since last request: 0.000018 seconds.
  path: Assets/Model/POLYGON city pack/Prefabs/Props/Wall 3 prefab.prefab
  artifactKey: Guid(d3279157e4e75be44a4c862cb4e328a3) Importer(815301076,1909f56bfc062723c751e8b465ee728b)
Start importing Assets/Model/POLYGON city pack/Prefabs/Props/Wall 3 prefab.prefab using Guid(d3279157e4e75be44a4c862cb4e328a3) Importer(815301076,1909f56bfc062723c751e8b465ee728b)  -> (artifact id: 'fd0416f8e6a78cbb3765c0a8ce63b5ec') in 0.012735 seconds
Number of updated asset objects reloaded before import = 0
Number of asset objects unloaded after import = 12
========================================================================
Received Import Request.
  Time since last request: 0.000025 seconds.
  path: Assets/Model/POLYGON city pack/Prefabs/Props/Traffic_pot prefab.prefab
  artifactKey: Guid(419d31cd2358c274b93f3ed5fac4773f) Importer(815301076,1909f56bfc062723c751e8b465ee728b)
Start importing Assets/Model/POLYGON city pack/Prefabs/Props/Traffic_pot prefab.prefab using Guid(419d31cd2358c274b93f3ed5fac4773f) Importer(815301076,1909f56bfc062723c751e8b465ee728b)  -> (artifact id: '813d3d523fd67021b34b7529a46f0c1a') in 0.016008 seconds
Number of updated asset objects reloaded before import = 0
Number of asset objects unloaded after import = 12
========================================================================
Received Import Request.
  Time since last request: 5.884972 seconds.
  path: Assets/Model/POLYGON city pack/Prefabs/Props/Wall 4 prefab.prefab
  artifactKey: Guid(34ba8d2a4c4d0b14c8c5d619aa76047b) Importer(815301076,1909f56bfc062723c751e8b465ee728b)
Start importing Assets/Model/POLYGON city pack/Prefabs/Props/Wall 4 prefab.prefab using Guid(34ba8d2a4c4d0b14c8c5d619aa76047b) Importer(815301076,1909f56bfc062723c751e8b465ee728b)  -> (artifact id: 'dda4c81079ea5cb0f2e1bae4ca3df77e') in 0.024108 seconds
Number of updated asset objects reloaded before import = 0
Number of asset objects unloaded after import = 12
Editor requested this worker to shutdown with reason: Scaling down because of idle timeout
TcpMessagingSession - receive error: operation aborted. errorcode: 995, details: The I/O operation has been aborted because of either a thread exit or an application request.
AssetImportWorker is now disconnected from the server
Process exiting
Exiting without the bug reporter. Application will terminate with return code 0