Using pre-set license
Built from '2022.3/staging' branch; Version is '2022.3.28f1 (6bae5ce6b222) revision 7056988'; Using compiler version '192829333'; Build Type 'Release'
OS: 'Windows 11  (10.0.22631) 64bit CoreSingleLanguage' Language: 'en' Physical Memory: 32382 MB
BatchMode: 1, IsHumanControllingUs: 0, StartBugReporterOnCrash: 0, Is64bit: 1, IsPro: 1

COMMAND LINE ARGUMENTS:
C:\Program Files\Unity\Hub\Editor\2022.3.28f1\Editor\Unity.exe
-adb2
-batchMode
-noUpm
-name
AssetImportWorker17
-projectPath
D:/unityproject/3D_Ball
-logFile
Logs/AssetImportWorker17.log
-srvPort
60302
Successfully changed project path to: D:/unityproject/3D_Ball
D:/unityproject/3D_Ball
[UnityMemory] Configuration Parameters - Can be set up in boot.config
    "memorysetup-bucket-allocator-granularity=16"
    "memorysetup-bucket-allocator-bucket-count=8"
    "memorysetup-bucket-allocator-block-size=33554432"
    "memorysetup-bucket-allocator-block-count=8"
    "memorysetup-main-allocator-block-size=16777216"
    "memorysetup-thread-allocator-block-size=16777216"
    "memorysetup-gfx-main-allocator-block-size=16777216"
    "memorysetup-gfx-thread-allocator-block-size=16777216"
    "memorysetup-cache-allocator-block-size=4194304"
    "memorysetup-typetree-allocator-block-size=2097152"
    "memorysetup-profiler-bucket-allocator-granularity=16"
    "memorysetup-profiler-bucket-allocator-bucket-count=8"
    "memorysetup-profiler-bucket-allocator-block-size=33554432"
    "memorysetup-profiler-bucket-allocator-block-count=8"
    "memorysetup-profiler-allocator-block-size=16777216"
    "memorysetup-profiler-editor-allocator-block-size=1048576"
    "memorysetup-temp-allocator-size-main=16777216"
    "memorysetup-job-temp-allocator-block-size=2097152"
    "memorysetup-job-temp-allocator-block-size-background=1048576"
    "memorysetup-job-temp-allocator-reduction-small-platforms=262144"
    "memorysetup-allocator-temp-initial-block-size-main=262144"
    "memorysetup-allocator-temp-initial-block-size-worker=262144"
    "memorysetup-temp-allocator-size-background-worker=32768"
    "memorysetup-temp-allocator-size-job-worker=262144"
    "memorysetup-temp-allocator-size-preload-manager=33554432"
    "memorysetup-temp-allocator-size-nav-mesh-worker=65536"
    "memorysetup-temp-allocator-size-audio-worker=65536"
    "memorysetup-temp-allocator-size-cloud-worker=32768"
    "memorysetup-temp-allocator-size-gi-baking-worker=262144"
    "memorysetup-temp-allocator-size-gfx=262144"
Player connection [5496] Host "[IP] 10.12.23.69 [Port] 0 [Flags] 2 [Guid] 4045822577 [EditorId] 4045822577 [Version] 1048832 [Id] WindowsEditor(7,DESKTOP-C6PBRGT) [Debug] 1 [PackageName] WindowsEditor [ProjectName] Editor" joined multi-casting on [225.0.0.222:54997]...

Player connection [5496] Host "[IP] 10.12.23.69 [Port] 0 [Flags] 2 [Guid] 4045822577 [EditorId] 4045822577 [Version] 1048832 [Id] WindowsEditor(7,DESKTOP-C6PBRGT) [Debug] 1 [PackageName] WindowsEditor [ProjectName] Editor" joined alternative multi-casting on [225.0.0.222:34997]...

[Physics::Module] Initialized MultithreadedJobDispatcher with 23 workers.
Refreshing native plugins compatible for Editor in 3.39 ms, found 3 plugins.
Preloading 0 native plugins for Editor in 0.00 ms.
Initialize engine version: 2022.3.28f1 (6bae5ce6b222)
[Subsystems] Discovering subsystems at path C:/Program Files/Unity/Hub/Editor/2022.3.28f1/Editor/Data/Resources/UnitySubsystems
[Subsystems] Discovering subsystems at path D:/unityproject/3D_Ball/Assets
GfxDevice: creating device client; threaded=0; jobified=0
Direct3D:
    Version:  Direct3D 11.0 [level 11.1]
    Renderer: AMD Radeon RX 6400 (ID=0x743f)
    Vendor:   ATI
    VRAM:     4050 MB
    Driver:   31.0.22052.2001
Initialize mono
Mono path[0] = 'C:/Program Files/Unity/Hub/Editor/2022.3.28f1/Editor/Data/Managed'
Mono path[1] = 'C:/Program Files/Unity/Hub/Editor/2022.3.28f1/Editor/Data/MonoBleedingEdge/lib/mono/unityjit-win32'
Mono config path = 'C:/Program Files/Unity/Hub/Editor/2022.3.28f1/Editor/Data/MonoBleedingEdge/etc'
Using monoOptions --debugger-agent=transport=dt_socket,embedding=1,server=y,suspend=n,address=127.0.0.1:56400
Begin MonoManager ReloadAssembly
Registering precompiled unity dll's ...
Register platform support module: C:/Program Files/Unity/Hub/Editor/2022.3.28f1/Editor/Data/PlaybackEngines/WebGLSupport/UnityEditor.WebGL.Extensions.dll
Register platform support module: C:/Program Files/Unity/Hub/Editor/2022.3.28f1/Editor/Data/PlaybackEngines/WindowsStandaloneSupport/UnityEditor.WindowsStandalone.Extensions.dll
Registered in 0.005612 seconds.
- Loaded All Assemblies, in  0.240 seconds
Native extension for WindowsStandalone target not found
Native extension for WebGL target not found
Mono: successfully reloaded assembly
- Finished resetting the current domain, in  0.170 seconds
Domain Reload Profiling: 409ms
	BeginReloadAssembly (92ms)
		ExecutionOrderSort (0ms)
		DisableScriptedObjects (0ms)
		BackupInstance (0ms)
		ReleaseScriptingObjects (0ms)
		CreateAndSetChildDomain (0ms)
	RebuildCommonClasses (21ms)
	RebuildNativeTypeToScriptingClass (6ms)
	initialDomainReloadingComplete (38ms)
	LoadAllAssembliesAndSetupDomain (83ms)
		LoadAssemblies (91ms)
		RebuildTransferFunctionScriptingTraits (0ms)
		AnalyzeDomain (81ms)
			TypeCache.Refresh (80ms)
				TypeCache.ScanAssembly (70ms)
			ScanForSourceGeneratedMonoScriptInfo (0ms)
			ResolveRequiredComponents (0ms)
	FinalizeReload (170ms)
		ReleaseScriptCaches (0ms)
		RebuildScriptCaches (0ms)
		SetupLoadedEditorAssemblies (132ms)
			LogAssemblyErrors (0ms)
			InitializePlatformSupportModulesInManaged (6ms)
			SetLoadedEditorAssemblies (3ms)
			RefreshPlugins (0ms)
			BeforeProcessingInitializeOnLoad (1ms)
			ProcessInitializeOnLoadAttributes (89ms)
			ProcessInitializeOnLoadMethodAttributes (33ms)
			AfterProcessingInitializeOnLoad (0ms)
			EditorAssembliesLoaded (0ms)
		ExecutionOrderSort2 (0ms)
		AwakeInstancesAfterBackupRestoration (0ms)
========================================================================
Worker process is ready to serve import requests
Begin MonoManager ReloadAssembly
- Loaded All Assemblies, in  0.433 seconds
Refreshing native plugins compatible for Editor in 1.32 ms, found 3 plugins.
Native extension for WindowsStandalone target not found
Native extension for WebGL target not found
Package Manager log level set to [2]
[Package Manager] Server::EnsureServerProcessIsRunning -- launch failed, reason: Unity was launched with the -noUpm command-line argument
[Package Manager] UpmClient::Send -- Unable to send message (not connected to UPM process).
[Package Manager] Cannot connect to Unity Package Manager local server
Mono: successfully reloaded assembly
- Finished resetting the current domain, in  0.355 seconds
Domain Reload Profiling: 788ms
	BeginReloadAssembly (99ms)
		ExecutionOrderSort (0ms)
		DisableScriptedObjects (3ms)
		BackupInstance (0ms)
		ReleaseScriptingObjects (0ms)
		CreateAndSetChildDomain (18ms)
	RebuildCommonClasses (20ms)
	RebuildNativeTypeToScriptingClass (6ms)
	initialDomainReloadingComplete (26ms)
	LoadAllAssembliesAndSetupDomain (281ms)
		LoadAssemblies (218ms)
		RebuildTransferFunctionScriptingTraits (0ms)
		AnalyzeDomain (122ms)
			TypeCache.Refresh (108ms)
				TypeCache.ScanAssembly (93ms)
			ScanForSourceGeneratedMonoScriptInfo (11ms)
			ResolveRequiredComponents (3ms)
	FinalizeReload (355ms)
		ReleaseScriptCaches (0ms)
		RebuildScriptCaches (0ms)
		SetupLoadedEditorAssemblies (267ms)
			LogAssemblyErrors (0ms)
			InitializePlatformSupportModulesInManaged (4ms)
			SetLoadedEditorAssemblies (2ms)
			RefreshPlugins (0ms)
			BeforeProcessingInitializeOnLoad (33ms)
			ProcessInitializeOnLoadAttributes (213ms)
			ProcessInitializeOnLoadMethodAttributes (11ms)
			AfterProcessingInitializeOnLoad (3ms)
			EditorAssembliesLoaded (0ms)
		ExecutionOrderSort2 (0ms)
		AwakeInstancesAfterBackupRestoration (4ms)
Launched and connected shader compiler UnityShaderCompiler.exe after 0.03 seconds
Refreshing native plugins compatible for Editor in 1.06 ms, found 3 plugins.
Preloading 0 native plugins for Editor in 0.00 ms.
Unloading 3489 Unused Serialized files (Serialized files now loaded: 0)
Unloading 40 unused Assets / (58.2 KB). Loaded Objects now: 3950.
Memory consumption went from 137.2 MB to 137.2 MB.
Total: 2.141300 ms (FindLiveObjects: 0.145400 ms CreateObjectMapping: 0.038100 ms MarkObjects: 1.891800 ms  DeleteObjects: 0.065600 ms)

AssetImportParameters requested are different than current active one (requested -> active):
  custom:container-demuxer-ogg: 62fdf1f143b41e24485cea50d1cbac27 -> 
  custom:video-codec-MediaFoundation-h265: 746d11721c4dcdbdad8f713fa42b33f4 -> 
  custom:scripting/monoscript/fileName/Helicopter.cs: 706e75638c9b91751fec6da0322c5a3e -> 
  custom:video-decoder-ogg-theora: a1e56fd34408186e4bbccfd4996cb3dc -> 
  custom:framework-win-MediaFoundation: 216162199b28c13a410421893ffa2e32 -> 
  custom:CustomObjectIndexerAttribute: 9a22284fe3817be447336de3de66b15e -> 
  custom:container-demuxer-webm: 4f35f7cbe854078d1ac9338744f61a02 -> 
  custom:scripting/monoscript/fileName/StreetLight.cs: 9c9b8cf7d0e95491c9d9f33ca972e572 -> 
  custom:scripting/monoscript/fileName/BuildingLights.cs: edd983c22d69a612b87bc70b4937b722 -> 
  custom:container-muxer-webm: aa71ff27fc2769a1b78a27578f13a17b -> 
  custom:video-decoder-webm-vp8: 9c59270c3fd7afecdb556c50c9e8de78 -> 
  custom:SearchIndexIgnoredProperties: e643bd26f0fe6173181afceb89e7c659 -> 
  custom:AudioImporter_EditorPlatform: d09bf68614088b80899f8185d706f6e7 -> 
  custom:scripting/monoscript/fileName/PoliceSiren.cs: b0b042c453311179fb33e0e7af990526 -> 
  custom:scripting/monoscript/fileName/TrafficLights.cs: 82539e7d40de46b920576b3b406ee34d -> 
  custom:video-encoder-webm-vp8: eb34c28f22e8b96e1ab97ce403110664 -> 
  custom:audio-decoder-ogg-vorbis: bf7c407c2cedff20999df2af8eb42d56 -> 
  custom:audio-encoder-webm-vorbis: bf7c407c2cedff20999df2af8eb42d56 -> 
========================================================================
Received Import Request.
  Time since last request: 600018.004802 seconds.
  path: Assets/Model/POLYGON city pack/Prefabs/Letters/Letter_C_Prefab.prefab
  artifactKey: Guid(41191e97f24858b4b982738b33be1ed4) Importer(815301076,1909f56bfc062723c751e8b465ee728b)
Start importing Assets/Model/POLYGON city pack/Prefabs/Letters/Letter_C_Prefab.prefab using Guid(41191e97f24858b4b982738b33be1ed4) Importer(815301076,1909f56bfc062723c751e8b465ee728b)  -> (artifact id: '9f97816a9e250dad669a8ddb1e4088ba') in 0.079514 seconds
Number of updated asset objects reloaded before import = 0
Number of asset objects unloaded after import = 17
========================================================================
Received Import Request.
  Time since last request: 0.000032 seconds.
  path: Assets/Model/POLYGON city pack/Prefabs/Letters/Letter_L_Prefab.prefab
  artifactKey: Guid(13e171104ed12b849a7bd5e888d86142) Importer(815301076,1909f56bfc062723c751e8b465ee728b)
Start importing Assets/Model/POLYGON city pack/Prefabs/Letters/Letter_L_Prefab.prefab using Guid(13e171104ed12b849a7bd5e888d86142) Importer(815301076,1909f56bfc062723c751e8b465ee728b)  -> (artifact id: 'b894e8a29f46636a5cda8b0341dc84da') in 0.017127 seconds
Number of updated asset objects reloaded before import = 0
Number of asset objects unloaded after import = 10
========================================================================
Received Import Request.
  Time since last request: 0.555856 seconds.
  path: Assets/Model/POLYGON city pack/Prefabs/Props/ATM_prefab.prefab
  artifactKey: Guid(971885f35036d834d9e87999c41920fe) Importer(815301076,1909f56bfc062723c751e8b465ee728b)
Start importing Assets/Model/POLYGON city pack/Prefabs/Props/ATM_prefab.prefab using Guid(971885f35036d834d9e87999c41920fe) Importer(815301076,1909f56bfc062723c751e8b465ee728b)  -> (artifact id: '9a1def62a2fc4e163bae2caf86300b46') in 0.012020 seconds
Number of updated asset objects reloaded before import = 0
Number of asset objects unloaded after import = 12
========================================================================
Received Import Request.
  Time since last request: 0.000047 seconds.
  path: Assets/Model/POLYGON city pack/Prefabs/Props/Can_orange prefab.prefab
  artifactKey: Guid(fc7f1d4af8d817e4f98e42d198325d99) Importer(815301076,1909f56bfc062723c751e8b465ee728b)
Start importing Assets/Model/POLYGON city pack/Prefabs/Props/Can_orange prefab.prefab using Guid(fc7f1d4af8d817e4f98e42d198325d99) Importer(815301076,1909f56bfc062723c751e8b465ee728b)  -> (artifact id: '172f038670c6d6580f6473e23db5b932') in 0.012119 seconds
Number of updated asset objects reloaded before import = 0
Number of asset objects unloaded after import = 12
========================================================================
Received Import Request.
  Time since last request: 0.000043 seconds.
  path: Assets/Model/POLYGON city pack/Prefabs/Props/mayonnaise prefab.prefab
  artifactKey: Guid(25b21e881a014da46bf94e610b2777b1) Importer(815301076,1909f56bfc062723c751e8b465ee728b)
Start importing Assets/Model/POLYGON city pack/Prefabs/Props/mayonnaise prefab.prefab using Guid(25b21e881a014da46bf94e610b2777b1) Importer(815301076,1909f56bfc062723c751e8b465ee728b)  -> (artifact id: '7009bda7d8b47a2e5efa62c10e791205') in 0.018029 seconds
Number of updated asset objects reloaded before import = 0
Number of asset objects unloaded after import = 11
========================================================================
Received Import Request.
  Time since last request: 0.000030 seconds.
  path: Assets/Model/POLYGON city pack/Prefabs/Props/Dynamic_power_pole_cable prefab.prefab
  artifactKey: Guid(0a804f15ce1f1d34eabed72f25b3d732) Importer(815301076,1909f56bfc062723c751e8b465ee728b)
Start importing Assets/Model/POLYGON city pack/Prefabs/Props/Dynamic_power_pole_cable prefab.prefab using Guid(0a804f15ce1f1d34eabed72f25b3d732) Importer(815301076,1909f56bfc062723c751e8b465ee728b)  -> (artifact id: '5b871769998c47e7c0862930aa2e8fdf') in 0.023820 seconds
Number of updated asset objects reloaded before import = 0
Number of asset objects unloaded after import = 26
========================================================================
Received Import Request.
  Time since last request: 0.000023 seconds.
  path: Assets/Model/POLYGON city pack/Prefabs/Props/flower 2 prefab.prefab
  artifactKey: Guid(0f1f4c4f42ef5c74c8dd43866325948d) Importer(815301076,1909f56bfc062723c751e8b465ee728b)
Start importing Assets/Model/POLYGON city pack/Prefabs/Props/flower 2 prefab.prefab using Guid(0f1f4c4f42ef5c74c8dd43866325948d) Importer(815301076,1909f56bfc062723c751e8b465ee728b)  -> (artifact id: 'd241a09eaa50c0b96c860251ed309a03') in 0.014250 seconds
Number of updated asset objects reloaded before import = 0
Number of asset objects unloaded after import = 11
========================================================================
Received Import Request.
  Time since last request: 0.000017 seconds.
  path: Assets/Model/POLYGON city pack/Prefabs/Props/Bush 2 prefab.prefab
  artifactKey: Guid(6ebfc6898dc70814c86bb78d43e72a9c) Importer(815301076,1909f56bfc062723c751e8b465ee728b)
Start importing Assets/Model/POLYGON city pack/Prefabs/Props/Bush 2 prefab.prefab using Guid(6ebfc6898dc70814c86bb78d43e72a9c) Importer(815301076,1909f56bfc062723c751e8b465ee728b)  -> (artifact id: '70fe432df9f3fc446426ae841bbb07fd') in 0.013672 seconds
Number of updated asset objects reloaded before import = 0
Number of asset objects unloaded after import = 12
========================================================================
Received Import Request.
  Time since last request: 0.000021 seconds.
  path: Assets/Model/POLYGON city pack/Prefabs/Props/Flower 1 prefab H.prefab
  artifactKey: Guid(b1fb400995a0fe641bd3e5fdfb630751) Importer(815301076,1909f56bfc062723c751e8b465ee728b)
Start importing Assets/Model/POLYGON city pack/Prefabs/Props/Flower 1 prefab H.prefab using Guid(b1fb400995a0fe641bd3e5fdfb630751) Importer(815301076,1909f56bfc062723c751e8b465ee728b)  -> (artifact id: 'd8d7a498eb23771b8e52bf009b92ee6d') in 0.017158 seconds
Number of updated asset objects reloaded before import = 0
Number of asset objects unloaded after import = 11
========================================================================
Received Import Request.
  Time since last request: 0.000017 seconds.
  path: Assets/Model/POLYGON city pack/Prefabs/Props/Flower 1 prefab E.prefab
  artifactKey: Guid(662342a1f0535f34db513eb61d76ee9f) Importer(815301076,1909f56bfc062723c751e8b465ee728b)
Start importing Assets/Model/POLYGON city pack/Prefabs/Props/Flower 1 prefab E.prefab using Guid(662342a1f0535f34db513eb61d76ee9f) Importer(815301076,1909f56bfc062723c751e8b465ee728b)  -> (artifact id: 'fd416d2a4bdbb1fe5fe13963bfa0ef88') in 0.012811 seconds
Number of updated asset objects reloaded before import = 0
Number of asset objects unloaded after import = 11
========================================================================
Received Import Request.
  Time since last request: 0.000021 seconds.
  path: Assets/Model/POLYGON city pack/Prefabs/Props/Flower 1 prefab D.prefab
  artifactKey: Guid(c1a6c832f3b6e494d80a048d5e7ff3e1) Importer(815301076,1909f56bfc062723c751e8b465ee728b)
Start importing Assets/Model/POLYGON city pack/Prefabs/Props/Flower 1 prefab D.prefab using Guid(c1a6c832f3b6e494d80a048d5e7ff3e1) Importer(815301076,1909f56bfc062723c751e8b465ee728b)  -> (artifact id: 'e1be0496009175472a875ee0ebe80e92') in 0.012185 seconds
Number of updated asset objects reloaded before import = 0
Number of asset objects unloaded after import = 11
========================================================================
Received Import Request.
  Time since last request: 0.000032 seconds.
  path: Assets/Model/POLYGON city pack/Prefabs/Props/Can_cola 1 prefab.prefab
  artifactKey: Guid(81d26dcff31f3ee45a7af58439d44b2e) Importer(815301076,1909f56bfc062723c751e8b465ee728b)
Start importing Assets/Model/POLYGON city pack/Prefabs/Props/Can_cola 1 prefab.prefab using Guid(81d26dcff31f3ee45a7af58439d44b2e) Importer(815301076,1909f56bfc062723c751e8b465ee728b)  -> (artifact id: 'f27837dba75dc2c15e734e62a1e1128e') in 0.016196 seconds
Number of updated asset objects reloaded before import = 0
Number of asset objects unloaded after import = 12
========================================================================
Received Import Request.
  Time since last request: 0.000024 seconds.
  path: Assets/Model/POLYGON city pack/Prefabs/Props/Grass_prefab.prefab
  artifactKey: Guid(e3ee9b4631379bf44b7e076739afa41e) Importer(815301076,1909f56bfc062723c751e8b465ee728b)
Start importing Assets/Model/POLYGON city pack/Prefabs/Props/Grass_prefab.prefab using Guid(e3ee9b4631379bf44b7e076739afa41e) Importer(815301076,1909f56bfc062723c751e8b465ee728b)  -> (artifact id: 'd4a3f41d5931b768346fcb2aa8065d42') in 0.019598 seconds
Number of updated asset objects reloaded before import = 0
Number of asset objects unloaded after import = 11
========================================================================
Received Import Request.
  Time since last request: 0.000016 seconds.
  path: Assets/Model/POLYGON city pack/Prefabs/Props/Mail_box prefab.prefab
  artifactKey: Guid(3f3f0ad0013c05f478f38f3920e05817) Importer(815301076,1909f56bfc062723c751e8b465ee728b)
Start importing Assets/Model/POLYGON city pack/Prefabs/Props/Mail_box prefab.prefab using Guid(3f3f0ad0013c05f478f38f3920e05817) Importer(815301076,1909f56bfc062723c751e8b465ee728b)  -> (artifact id: 'a86655bb20d95c0ed9db7a8dfc696679') in 0.011685 seconds
Number of updated asset objects reloaded before import = 0
Number of asset objects unloaded after import = 12
========================================================================
Received Import Request.
  Time since last request: 0.000018 seconds.
  path: Assets/Model/POLYGON city pack/Prefabs/Props/Stone 3 Prefab.prefab
  artifactKey: Guid(5d51484289d125e48b3eecf5fbd4d7c9) Importer(815301076,1909f56bfc062723c751e8b465ee728b)
Start importing Assets/Model/POLYGON city pack/Prefabs/Props/Stone 3 Prefab.prefab using Guid(5d51484289d125e48b3eecf5fbd4d7c9) Importer(815301076,1909f56bfc062723c751e8b465ee728b)  -> (artifact id: '9efcfc22fb1109c2d82b3425356d723b') in 0.013036 seconds
Number of updated asset objects reloaded before import = 0
Number of asset objects unloaded after import = 11
========================================================================
Received Import Request.
  Time since last request: 0.000015 seconds.
  path: Assets/Model/POLYGON city pack/Prefabs/Props/Flower 1 prefab C.prefab
  artifactKey: Guid(f5b753a0f2ae4e3448b73f8f56e8c157) Importer(815301076,1909f56bfc062723c751e8b465ee728b)
Start importing Assets/Model/POLYGON city pack/Prefabs/Props/Flower 1 prefab C.prefab using Guid(f5b753a0f2ae4e3448b73f8f56e8c157) Importer(815301076,1909f56bfc062723c751e8b465ee728b)  -> (artifact id: '3854514c57dd61d8e9e05fe5e536cbf3') in 0.010999 seconds
Number of updated asset objects reloaded before import = 0
Number of asset objects unloaded after import = 11
========================================================================
Received Import Request.
  Time since last request: 0.000021 seconds.
  path: Assets/Model/POLYGON city pack/Prefabs/Props/phone booth prefab.prefab
  artifactKey: Guid(b995d8a7dcf811740b66ae5cf81e4fa6) Importer(815301076,1909f56bfc062723c751e8b465ee728b)
Start importing Assets/Model/POLYGON city pack/Prefabs/Props/phone booth prefab.prefab using Guid(b995d8a7dcf811740b66ae5cf81e4fa6) Importer(815301076,1909f56bfc062723c751e8b465ee728b)  -> (artifact id: '19816a100bdd43dba2895a0b44e2741c') in 0.012564 seconds
Number of updated asset objects reloaded before import = 0
Number of asset objects unloaded after import = 12
========================================================================
Received Import Request.
  Time since last request: 0.000028 seconds.
  path: Assets/Model/POLYGON city pack/Prefabs/Props/platt sign 3 prefab.prefab
  artifactKey: Guid(99bdf8c075f79ec499c340f68f8d6ca2) Importer(815301076,1909f56bfc062723c751e8b465ee728b)
Start importing Assets/Model/POLYGON city pack/Prefabs/Props/platt sign 3 prefab.prefab using Guid(99bdf8c075f79ec499c340f68f8d6ca2) Importer(815301076,1909f56bfc062723c751e8b465ee728b)  -> (artifact id: '2beafcefa214c36266c4bce04fb068e9') in 0.015772 seconds
Number of updated asset objects reloaded before import = 0
Number of asset objects unloaded after import = 12
========================================================================
Received Import Request.
  Time since last request: 0.000015 seconds.
  path: Assets/Model/POLYGON city pack/Prefabs/Props/hedge_curve prefab.prefab
  artifactKey: Guid(f2a4c4a6f1e89a74a995f3108da5be04) Importer(815301076,1909f56bfc062723c751e8b465ee728b)
Start importing Assets/Model/POLYGON city pack/Prefabs/Props/hedge_curve prefab.prefab using Guid(f2a4c4a6f1e89a74a995f3108da5be04) Importer(815301076,1909f56bfc062723c751e8b465ee728b)  -> (artifact id: '6739fb9c962e793f0cb641e2db140474') in 0.014215 seconds
Number of updated asset objects reloaded before import = 0
Number of asset objects unloaded after import = 14
========================================================================
Received Import Request.
  Time since last request: 0.965008 seconds.
  path: Assets/Model/POLYGON city pack/Prefabs/traffic signs/slow sign.prefab
  artifactKey: Guid(475374e8b1fe09a44a5855a8d902f099) Importer(815301076,1909f56bfc062723c751e8b465ee728b)
Start importing Assets/Model/POLYGON city pack/Prefabs/traffic signs/slow sign.prefab using Guid(475374e8b1fe09a44a5855a8d902f099) Importer(815301076,1909f56bfc062723c751e8b465ee728b)  -> (artifact id: '979cf75955c150fe3786609ef6a2a076') in 0.012903 seconds
Number of updated asset objects reloaded before import = 0
Number of asset objects unloaded after import = 12
========================================================================
Received Import Request.
  Time since last request: 0.000031 seconds.
  path: Assets/Model/POLYGON city pack/Prefabs/traffic signs/traffic sign 6.prefab
  artifactKey: Guid(da9fb6e8099cbc8479b0c76e13ae8916) Importer(815301076,1909f56bfc062723c751e8b465ee728b)
Start importing Assets/Model/POLYGON city pack/Prefabs/traffic signs/traffic sign 6.prefab using Guid(da9fb6e8099cbc8479b0c76e13ae8916) Importer(815301076,1909f56bfc062723c751e8b465ee728b)  -> (artifact id: '8edcc20d138f18cdf5bf528a606f0cbe') in 0.012591 seconds
Number of updated asset objects reloaded before import = 0
Number of asset objects unloaded after import = 12
========================================================================
Received Import Request.
  Time since last request: 0.000033 seconds.
  path: Assets/Model/POLYGON city pack/Prefabs/traffic signs/traffic sign speed 100.prefab
  artifactKey: Guid(c0158e83eac5e8b40b8e254e90b4b8d9) Importer(815301076,1909f56bfc062723c751e8b465ee728b)
Start importing Assets/Model/POLYGON city pack/Prefabs/traffic signs/traffic sign speed 100.prefab using Guid(c0158e83eac5e8b40b8e254e90b4b8d9) Importer(815301076,1909f56bfc062723c751e8b465ee728b)  -> (artifact id: 'fea53cbff8e349a4141008e372408fe4') in 0.010168 seconds
Number of updated asset objects reloaded before import = 0
Number of asset objects unloaded after import = 12
========================================================================
Received Import Request.
  Time since last request: 1.897683 seconds.
  path: Assets/Model/POLYGON city pack/Prefabs/Lamps/Lamp_3_prefab.prefab
  artifactKey: Guid(7c09194ef6a23a947948e105b6da62b2) Importer(815301076,1909f56bfc062723c751e8b465ee728b)
Start importing Assets/Model/POLYGON city pack/Prefabs/Lamps/Lamp_3_prefab.prefab using Guid(7c09194ef6a23a947948e105b6da62b2) Importer(815301076,1909f56bfc062723c751e8b465ee728b)  -> (artifact id: 'c07bba8e35d722a4c53ad9a202617855') in 0.012941 seconds
Number of updated asset objects reloaded before import = 0
Number of asset objects unloaded after import = 15
========================================================================
Received Import Request.
  Time since last request: 0.000043 seconds.
  path: Assets/Model/POLYGON city pack/Prefabs/Lamps/street_lamp 1 prefab.prefab
  artifactKey: Guid(6825a3fe8a1605f42a0d0589e582ac40) Importer(815301076,1909f56bfc062723c751e8b465ee728b)
Start importing Assets/Model/POLYGON city pack/Prefabs/Lamps/street_lamp 1 prefab.prefab using Guid(6825a3fe8a1605f42a0d0589e582ac40) Importer(815301076,1909f56bfc062723c751e8b465ee728b)  -> (artifact id: 'ec4e199184c05f369c1754c1f17aee99') in 0.010526 seconds
Number of updated asset objects reloaded before import = 0
Number of asset objects unloaded after import = 15
========================================================================
Received Import Request.
  Time since last request: 1202.249883 seconds.
  path: Assets/Model/POLYGON city pack/Meshes,textures/ways_FBX/grass.png
  artifactKey: Guid(761fcc9b74a11dc4097e656edc402314) Importer(815301076,1909f56bfc062723c751e8b465ee728b)
Start importing Assets/Model/POLYGON city pack/Meshes,textures/ways_FBX/grass.png using Guid(761fcc9b74a11dc4097e656edc402314) Importer(815301076,1909f56bfc062723c751e8b465ee728b)  -> (artifact id: 'b4b629a6f17eaa0c03d0e46820bb7077') in 0.022774 seconds
Number of updated asset objects reloaded before import = 0
Number of asset objects unloaded after import = 2
========================================================================
Received Import Request.
  Time since last request: 0.000024 seconds.
  path: Assets/Model/POLYGON city pack/Meshes,textures/ways_FBX/Sidewalk_03.fbx
  artifactKey: Guid(bb7f05283eceee143ad2958137ac51c8) Importer(815301076,1909f56bfc062723c751e8b465ee728b)
Start importing Assets/Model/POLYGON city pack/Meshes,textures/ways_FBX/Sidewalk_03.fbx using Guid(bb7f05283eceee143ad2958137ac51c8) Importer(815301076,1909f56bfc062723c751e8b465ee728b)  -> (artifact id: '06b59950dba4e89c15337237fb669101') in 0.041506 seconds
Number of updated asset objects reloaded before import = 0
Number of asset objects unloaded after import = 8
========================================================================
Received Import Request.
  Time since last request: 0.000029 seconds.
  path: Assets/Model/POLYGON city pack/Meshes,textures/ways_FBX/Street_13.png
  artifactKey: Guid(0330ce59f36cc2e46b53d06c827b4e18) Importer(815301076,1909f56bfc062723c751e8b465ee728b)
Start importing Assets/Model/POLYGON city pack/Meshes,textures/ways_FBX/Street_13.png using Guid(0330ce59f36cc2e46b53d06c827b4e18) Importer(815301076,1909f56bfc062723c751e8b465ee728b)  -> (artifact id: '2fd17e9f7381c3cae46efe8f79c44618') in 0.019941 seconds
Number of updated asset objects reloaded before import = 0
Number of asset objects unloaded after import = 2
========================================================================
Received Import Request.
  Time since last request: 0.000015 seconds.
  path: Assets/Model/POLYGON city pack/Meshes,textures/ways_FBX/Street.png
  artifactKey: Guid(3dff680b780a2bf4898db59c61713bc8) Importer(815301076,1909f56bfc062723c751e8b465ee728b)
Start importing Assets/Model/POLYGON city pack/Meshes,textures/ways_FBX/Street.png using Guid(3dff680b780a2bf4898db59c61713bc8) Importer(815301076,1909f56bfc062723c751e8b465ee728b)  -> (artifact id: 'fe93a783c22a19fe4cc7f0188706a103') in 0.012067 seconds
Number of updated asset objects reloaded before import = 0
Number of asset objects unloaded after import = 2
========================================================================
Received Import Request.
  Time since last request: 0.000015 seconds.
  path: Assets/Model/POLYGON city pack/Meshes,textures/ways_FBX/Street_20.png
  artifactKey: Guid(8f6d5e3fee5ef444c99783e27d7d9c54) Importer(815301076,1909f56bfc062723c751e8b465ee728b)
Start importing Assets/Model/POLYGON city pack/Meshes,textures/ways_FBX/Street_20.png using Guid(8f6d5e3fee5ef444c99783e27d7d9c54) Importer(815301076,1909f56bfc062723c751e8b465ee728b)  -> (artifact id: '9f7b2941d3957a2c6e46ddef06619709') in 0.011863 seconds
Number of updated asset objects reloaded before import = 0
Number of asset objects unloaded after import = 2
========================================================================
Received Import Request.
  Time since last request: 0.000013 seconds.
  path: Assets/Model/POLYGON city pack/Meshes,textures/ways_FBX/WalkWay 5.fbx
  artifactKey: Guid(391ef46e275c80b408f222be809688a5) Importer(815301076,1909f56bfc062723c751e8b465ee728b)
Start importing Assets/Model/POLYGON city pack/Meshes,textures/ways_FBX/WalkWay 5.fbx using Guid(391ef46e275c80b408f222be809688a5) Importer(815301076,1909f56bfc062723c751e8b465ee728b)  -> (artifact id: '7a3c4a9c723639c5cafaf71cf55c022d') in 0.013891 seconds
Number of updated asset objects reloaded before import = 0
Number of asset objects unloaded after import = 8
========================================================================
Received Import Request.
  Time since last request: 0.000012 seconds.
  path: Assets/Model/POLYGON city pack/Meshes,textures/ways_FBX/Street_06.png
  artifactKey: Guid(08aeea4bea88cb149b9d1b6dd1d95632) Importer(815301076,1909f56bfc062723c751e8b465ee728b)
Start importing Assets/Model/POLYGON city pack/Meshes,textures/ways_FBX/Street_06.png using Guid(08aeea4bea88cb149b9d1b6dd1d95632) Importer(815301076,1909f56bfc062723c751e8b465ee728b)  -> (artifact id: 'd8a2320cb67cf0d333eca9dae008ac52') in 0.010361 seconds
Number of updated asset objects reloaded before import = 0
Number of asset objects unloaded after import = 2
========================================================================
Received Import Request.
  Time since last request: 0.000018 seconds.
  path: Assets/Model/POLYGON city pack/Meshes,textures/ways_FBX/Street_12.png
  artifactKey: Guid(33631f5be5ca37a468a1c1a7bfac7ad2) Importer(815301076,1909f56bfc062723c751e8b465ee728b)
Start importing Assets/Model/POLYGON city pack/Meshes,textures/ways_FBX/Street_12.png using Guid(33631f5be5ca37a468a1c1a7bfac7ad2) Importer(815301076,1909f56bfc062723c751e8b465ee728b)  -> (artifact id: '8d2035ac68e36876192dd1ee7b845732') in 0.012022 seconds
Number of updated asset objects reloaded before import = 0
Number of asset objects unloaded after import = 2
========================================================================
Received Import Request.
  Time since last request: 0.000023 seconds.
  path: Assets/Model/POLYGON city pack/Meshes,textures/ways_FBX/Sidewalk_08.fbx
  artifactKey: Guid(2981aef5c43602144a67d458b6f0e750) Importer(815301076,1909f56bfc062723c751e8b465ee728b)
Start importing Assets/Model/POLYGON city pack/Meshes,textures/ways_FBX/Sidewalk_08.fbx using Guid(2981aef5c43602144a67d458b6f0e750) Importer(815301076,1909f56bfc062723c751e8b465ee728b)  -> (artifact id: '1b40cc5c22f7a24ae67550d3b526fbd4') in 0.031431 seconds
Number of updated asset objects reloaded before import = 0
Number of asset objects unloaded after import = 10
========================================================================
Received Import Request.
  Time since last request: 0.000030 seconds.
  path: Assets/Model/POLYGON city pack/Meshes,textures/ways_FBX/Sidewalk_12.fbx
  artifactKey: Guid(a095af871810f0142adbb604b61b452b) Importer(815301076,1909f56bfc062723c751e8b465ee728b)
Start importing Assets/Model/POLYGON city pack/Meshes,textures/ways_FBX/Sidewalk_12.fbx using Guid(a095af871810f0142adbb604b61b452b) Importer(815301076,1909f56bfc062723c751e8b465ee728b)  -> (artifact id: 'de6ffc660aba0645250fb546f3d87c78') in 0.021690 seconds
Number of updated asset objects reloaded before import = 0
Number of asset objects unloaded after import = 9
========================================================================
Received Import Request.
  Time since last request: 0.000018 seconds.
  path: Assets/Model/POLYGON city pack/Meshes,textures/ways_FBX/WalkWay_01.fbx
  artifactKey: Guid(09154e56d80caab4a88063d4853c1b11) Importer(815301076,1909f56bfc062723c751e8b465ee728b)
Start importing Assets/Model/POLYGON city pack/Meshes,textures/ways_FBX/WalkWay_01.fbx using Guid(09154e56d80caab4a88063d4853c1b11) Importer(815301076,1909f56bfc062723c751e8b465ee728b)  -> (artifact id: '318b63e89d05fc235563646f2508bd97') in 0.027509 seconds
Number of updated asset objects reloaded before import = 0
Number of asset objects unloaded after import = 9
========================================================================
Received Import Request.
  Time since last request: 0.000015 seconds.
  path: Assets/Model/POLYGON city pack/Meshes,textures/ways_FBX/WalkWay_03.fbx
  artifactKey: Guid(77508641c63c9fa4ca16c8360c6669a0) Importer(815301076,1909f56bfc062723c751e8b465ee728b)
Start importing Assets/Model/POLYGON city pack/Meshes,textures/ways_FBX/WalkWay_03.fbx using Guid(77508641c63c9fa4ca16c8360c6669a0) Importer(815301076,1909f56bfc062723c751e8b465ee728b)  -> (artifact id: 'ec45118ab2aa799917049cef8691c19b') in 0.016085 seconds
Number of updated asset objects reloaded before import = 0
Number of asset objects unloaded after import = 9
========================================================================
Received Import Request.
  Time since last request: 0.000015 seconds.
  path: Assets/Model/POLYGON city pack/Meshes,textures/ways_FBX/Street_03.png
  artifactKey: Guid(16380d10f7bec4543adccda1aeb700f0) Importer(815301076,1909f56bfc062723c751e8b465ee728b)
Start importing Assets/Model/POLYGON city pack/Meshes,textures/ways_FBX/Street_03.png using Guid(16380d10f7bec4543adccda1aeb700f0) Importer(815301076,1909f56bfc062723c751e8b465ee728b)  -> (artifact id: 'be7a77cc9d24da8b6e5f50256a5a7fac') in 0.010042 seconds
Number of updated asset objects reloaded before import = 0
Number of asset objects unloaded after import = 2
========================================================================
Received Import Request.
  Time since last request: 0.000012 seconds.
  path: Assets/Model/POLYGON city pack/Meshes,textures/ways_FBX/Sidewalk_05.fbx
  artifactKey: Guid(5b37bebced2befa4cb0fa7e92016e465) Importer(815301076,1909f56bfc062723c751e8b465ee728b)
Start importing Assets/Model/POLYGON city pack/Meshes,textures/ways_FBX/Sidewalk_05.fbx using Guid(5b37bebced2befa4cb0fa7e92016e465) Importer(815301076,1909f56bfc062723c751e8b465ee728b)  -> (artifact id: '126da204787faca2f3903118f0207417') in 0.019757 seconds
Number of updated asset objects reloaded before import = 0
Number of asset objects unloaded after import = 9
========================================================================
Received Import Request.
  Time since last request: 0.000018 seconds.
  path: Assets/Model/POLYGON city pack/Meshes,textures/ways_FBX/Street_08.png
  artifactKey: Guid(162b5a686d179864484304a41c79d6d4) Importer(815301076,1909f56bfc062723c751e8b465ee728b)
Start importing Assets/Model/POLYGON city pack/Meshes,textures/ways_FBX/Street_08.png using Guid(162b5a686d179864484304a41c79d6d4) Importer(815301076,1909f56bfc062723c751e8b465ee728b)  -> (artifact id: '34328ddb76edaca08fbf07bc7a5cde1f') in 0.011270 seconds
Number of updated asset objects reloaded before import = 0
Number of asset objects unloaded after import = 2
========================================================================
Received Import Request.
  Time since last request: 0.000017 seconds.
  path: Assets/Model/POLYGON city pack/Meshes,textures/ways_FBX/WalkWay 6.fbx
  artifactKey: Guid(cb33a9e31b7d9f8478bab7f8b6e261f3) Importer(815301076,1909f56bfc062723c751e8b465ee728b)
Start importing Assets/Model/POLYGON city pack/Meshes,textures/ways_FBX/WalkWay 6.fbx using Guid(cb33a9e31b7d9f8478bab7f8b6e261f3) Importer(815301076,1909f56bfc062723c751e8b465ee728b)  -> (artifact id: 'd2e6985fa00c39237544c4e1e4ebc68c') in 0.021943 seconds
Number of updated asset objects reloaded before import = 0
Number of asset objects unloaded after import = 9
========================================================================
Received Import Request.
  Time since last request: 0.000021 seconds.
  path: Assets/Model/POLYGON city pack/Meshes,textures/ways_FBX/Sidewalk_10.fbx
  artifactKey: Guid(7e628f32de81f4b49a72746359f3dab3) Importer(815301076,1909f56bfc062723c751e8b465ee728b)
Start importing Assets/Model/POLYGON city pack/Meshes,textures/ways_FBX/Sidewalk_10.fbx using Guid(7e628f32de81f4b49a72746359f3dab3) Importer(815301076,1909f56bfc062723c751e8b465ee728b)  -> (artifact id: '5900c07e74bb4297f200c4c2a62c1503') in 0.018231 seconds
Number of updated asset objects reloaded before import = 0
Number of asset objects unloaded after import = 9
========================================================================
Received Import Request.
  Time since last request: 0.000022 seconds.
  path: Assets/Model/POLYGON city pack/Meshes,textures/ways_FBX/Sidewalk_04.fbx
  artifactKey: Guid(631028b3a30f092428e370d8a925482c) Importer(815301076,1909f56bfc062723c751e8b465ee728b)
Start importing Assets/Model/POLYGON city pack/Meshes,textures/ways_FBX/Sidewalk_04.fbx using Guid(631028b3a30f092428e370d8a925482c) Importer(815301076,1909f56bfc062723c751e8b465ee728b)  -> (artifact id: '93a07fd083f6c3ccd2b048ff50e80a9e') in 0.022743 seconds
Number of updated asset objects reloaded before import = 0
Number of asset objects unloaded after import = 8
========================================================================
Received Import Request.
  Time since last request: 0.000026 seconds.
  path: Assets/Model/POLYGON city pack/Meshes,textures/ways_FBX/Street_18.png
  artifactKey: Guid(8f218e977142ebe43bb8576e311a27f2) Importer(815301076,1909f56bfc062723c751e8b465ee728b)
Start importing Assets/Model/POLYGON city pack/Meshes,textures/ways_FBX/Street_18.png using Guid(8f218e977142ebe43bb8576e311a27f2) Importer(815301076,1909f56bfc062723c751e8b465ee728b)  -> (artifact id: '0057dcaa9e949d6f164fc2881c923e76') in 0.010976 seconds
Number of updated asset objects reloaded before import = 0
Number of asset objects unloaded after import = 2
========================================================================
Received Import Request.
  Time since last request: 0.000028 seconds.
  path: Assets/Model/POLYGON city pack/Meshes,textures/ways_FBX/Sidewalk_11.fbx
  artifactKey: Guid(5ceaaa51b974a594b815f5886577955c) Importer(815301076,1909f56bfc062723c751e8b465ee728b)
Start importing Assets/Model/POLYGON city pack/Meshes,textures/ways_FBX/Sidewalk_11.fbx using Guid(5ceaaa51b974a594b815f5886577955c) Importer(815301076,1909f56bfc062723c751e8b465ee728b)  -> (artifact id: 'a882426f516f375f383a6ce52daea4e7') in 0.026844 seconds
Number of updated asset objects reloaded before import = 0
Number of asset objects unloaded after import = 8
========================================================================
Received Import Request.
  Time since last request: 0.000059 seconds.
  path: Assets/Model/POLYGON city pack/Meshes,textures/ways_FBX/Sidewalk_09.fbx
  artifactKey: Guid(d2be7990437c0e64c9109def30e4153d) Importer(815301076,1909f56bfc062723c751e8b465ee728b)
Start importing Assets/Model/POLYGON city pack/Meshes,textures/ways_FBX/Sidewalk_09.fbx using Guid(d2be7990437c0e64c9109def30e4153d) Importer(815301076,1909f56bfc062723c751e8b465ee728b)  -> (artifact id: '00d6a154bd35ed0bae45eb67d71b918c') in 0.017063 seconds
Number of updated asset objects reloaded before import = 0
Number of asset objects unloaded after import = 10
========================================================================
Received Import Request.
  Time since last request: 0.000031 seconds.
  path: Assets/Model/POLYGON city pack/Meshes,textures/ways_FBX/Sidewalk_texture.png
  artifactKey: Guid(1128a08027af2aa4eb774377b46c3064) Importer(815301076,1909f56bfc062723c751e8b465ee728b)
Start importing Assets/Model/POLYGON city pack/Meshes,textures/ways_FBX/Sidewalk_texture.png using Guid(1128a08027af2aa4eb774377b46c3064) Importer(815301076,1909f56bfc062723c751e8b465ee728b)  -> (artifact id: '6f9bd329ae32a01c9b5268ca8d293816') in 0.009512 seconds
Number of updated asset objects reloaded before import = 0
Number of asset objects unloaded after import = 2
========================================================================
Received Import Request.
  Time since last request: 0.000017 seconds.
  path: Assets/Model/POLYGON city pack/Meshes,textures/ways_FBX/Street_09.png
  artifactKey: Guid(2920bee353726c643a2278b5153f39da) Importer(815301076,1909f56bfc062723c751e8b465ee728b)
Start importing Assets/Model/POLYGON city pack/Meshes,textures/ways_FBX/Street_09.png using Guid(2920bee353726c643a2278b5153f39da) Importer(815301076,1909f56bfc062723c751e8b465ee728b)  -> (artifact id: '548d2d6c4e35fff621a59de6c923d90c') in 0.011255 seconds
Number of updated asset objects reloaded before import = 0
Number of asset objects unloaded after import = 2
========================================================================
Received Import Request.
  Time since last request: 48.973766 seconds.
  path: Assets/Model/POLYGON city pack/Meshes,textures/Shops_FBX/grid.png
  artifactKey: Guid(9922cb1c199ed85459518a9fea40e481) Importer(815301076,1909f56bfc062723c751e8b465ee728b)
Start importing Assets/Model/POLYGON city pack/Meshes,textures/Shops_FBX/grid.png using Guid(9922cb1c199ed85459518a9fea40e481) Importer(815301076,1909f56bfc062723c751e8b465ee728b)  -> (artifact id: 'ab237b23582d4b3c76ba2aaf40614318') in 0.024695 seconds
Number of updated asset objects reloaded before import = 0
Number of asset objects unloaded after import = 2
========================================================================
Received Import Request.
  Time since last request: 0.000016 seconds.
  path: Assets/Model/POLYGON city pack/Meshes,textures/Shops_FBX/Shop_B_Texture.png
  artifactKey: Guid(2d0557711b6926441b57384036df45a9) Importer(815301076,1909f56bfc062723c751e8b465ee728b)
Start importing Assets/Model/POLYGON city pack/Meshes,textures/Shops_FBX/Shop_B_Texture.png using Guid(2d0557711b6926441b57384036df45a9) Importer(815301076,1909f56bfc062723c751e8b465ee728b)  -> (artifact id: '1b054ed09dcb62537221b39d9f63d06a') in 0.012951 seconds
Number of updated asset objects reloaded before import = 0
Number of asset objects unloaded after import = 2
========================================================================
Received Import Request.
  Time since last request: 0.000062 seconds.
  path: Assets/Model/POLYGON city pack/Meshes,textures/Shops_FBX/SUper_maket_texture.png
  artifactKey: Guid(264d7fe2bc1a35440a81b0410f096baa) Importer(815301076,1909f56bfc062723c751e8b465ee728b)
Start importing Assets/Model/POLYGON city pack/Meshes,textures/Shops_FBX/SUper_maket_texture.png using Guid(264d7fe2bc1a35440a81b0410f096baa) Importer(815301076,1909f56bfc062723c751e8b465ee728b)  -> (artifact id: 'cfb8572d6861d39ea72a12c5e4d15e52') in 0.012613 seconds
Number of updated asset objects reloaded before import = 0
Number of asset objects unloaded after import = 2
Editor requested this worker to shutdown with reason: Scaling down because of idle timeout
TcpMessagingSession - receive error
AssetImportWorkerClient::OnTransportError - code=2 error=End of file
AssetImportWorker is now disconnected from the server
Process exiting
Exiting without the bug reporter. Application will terminate with return code 0