Using pre-set license
Built from '2022.3/staging' branch; Version is '2022.3.28f1 (6bae5ce6b222) revision 7056988'; Using compiler version '192829333'; Build Type 'Release'
OS: 'Windows 11  (10.0.22631) 64bit CoreSingleLanguage' Language: 'en' Physical Memory: 32382 MB
BatchMode: 1, IsHumanControllingUs: 0, StartBugReporterOnCrash: 0, Is64bit: 1, IsPro: 1

COMMAND LINE ARGUMENTS:
C:\Program Files\Unity\Hub\Editor\2022.3.28f1\Editor\Unity.exe
-adb2
-batchMode
-noUpm
-name
AssetImportWorker16
-projectPath
D:/unityproject/3D_Ball
-logFile
Logs/AssetImportWorker16.log
-srvPort
60302
Successfully changed project path to: D:/unityproject/3D_Ball
D:/unityproject/3D_Ball
[UnityMemory] Configuration Parameters - Can be set up in boot.config
    "memorysetup-bucket-allocator-granularity=16"
    "memorysetup-bucket-allocator-bucket-count=8"
    "memorysetup-bucket-allocator-block-size=33554432"
    "memorysetup-bucket-allocator-block-count=8"
    "memorysetup-main-allocator-block-size=16777216"
    "memorysetup-thread-allocator-block-size=16777216"
    "memorysetup-gfx-main-allocator-block-size=16777216"
    "memorysetup-gfx-thread-allocator-block-size=16777216"
    "memorysetup-cache-allocator-block-size=4194304"
    "memorysetup-typetree-allocator-block-size=2097152"
    "memorysetup-profiler-bucket-allocator-granularity=16"
    "memorysetup-profiler-bucket-allocator-bucket-count=8"
    "memorysetup-profiler-bucket-allocator-block-size=33554432"
    "memorysetup-profiler-bucket-allocator-block-count=8"
    "memorysetup-profiler-allocator-block-size=16777216"
    "memorysetup-profiler-editor-allocator-block-size=1048576"
    "memorysetup-temp-allocator-size-main=16777216"
    "memorysetup-job-temp-allocator-block-size=2097152"
    "memorysetup-job-temp-allocator-block-size-background=1048576"
    "memorysetup-job-temp-allocator-reduction-small-platforms=262144"
    "memorysetup-allocator-temp-initial-block-size-main=262144"
    "memorysetup-allocator-temp-initial-block-size-worker=262144"
    "memorysetup-temp-allocator-size-background-worker=32768"
    "memorysetup-temp-allocator-size-job-worker=262144"
    "memorysetup-temp-allocator-size-preload-manager=33554432"
    "memorysetup-temp-allocator-size-nav-mesh-worker=65536"
    "memorysetup-temp-allocator-size-audio-worker=65536"
    "memorysetup-temp-allocator-size-cloud-worker=32768"
    "memorysetup-temp-allocator-size-gi-baking-worker=262144"
    "memorysetup-temp-allocator-size-gfx=262144"
Player connection [7152] Host "[IP] 10.12.23.69 [Port] 0 [Flags] 2 [Guid] 3794803148 [EditorId] 3794803148 [Version] 1048832 [Id] WindowsEditor(7,DESKTOP-C6PBRGT) [Debug] 1 [PackageName] WindowsEditor [ProjectName] Editor" joined multi-casting on [225.0.0.222:54997]...

Player connection [7152] Host "[IP] 10.12.23.69 [Port] 0 [Flags] 2 [Guid] 3794803148 [EditorId] 3794803148 [Version] 1048832 [Id] WindowsEditor(7,DESKTOP-C6PBRGT) [Debug] 1 [PackageName] WindowsEditor [ProjectName] Editor" joined alternative multi-casting on [225.0.0.222:34997]...

[Physics::Module] Initialized MultithreadedJobDispatcher with 23 workers.
Refreshing native plugins compatible for Editor in 3.51 ms, found 3 plugins.
Preloading 0 native plugins for Editor in 0.00 ms.
Initialize engine version: 2022.3.28f1 (6bae5ce6b222)
[Subsystems] Discovering subsystems at path C:/Program Files/Unity/Hub/Editor/2022.3.28f1/Editor/Data/Resources/UnitySubsystems
[Subsystems] Discovering subsystems at path D:/unityproject/3D_Ball/Assets
GfxDevice: creating device client; threaded=0; jobified=0
Direct3D:
    Version:  Direct3D 11.0 [level 11.1]
    Renderer: AMD Radeon RX 6400 (ID=0x743f)
    Vendor:   ATI
    VRAM:     4050 MB
    Driver:   31.0.22052.2001
Initialize mono
Mono path[0] = 'C:/Program Files/Unity/Hub/Editor/2022.3.28f1/Editor/Data/Managed'
Mono path[1] = 'C:/Program Files/Unity/Hub/Editor/2022.3.28f1/Editor/Data/MonoBleedingEdge/lib/mono/unityjit-win32'
Mono config path = 'C:/Program Files/Unity/Hub/Editor/2022.3.28f1/Editor/Data/MonoBleedingEdge/etc'
Using monoOptions --debugger-agent=transport=dt_socket,embedding=1,server=y,suspend=n,address=127.0.0.1:56288
Begin MonoManager ReloadAssembly
Registering precompiled unity dll's ...
Register platform support module: C:/Program Files/Unity/Hub/Editor/2022.3.28f1/Editor/Data/PlaybackEngines/WebGLSupport/UnityEditor.WebGL.Extensions.dll
Register platform support module: C:/Program Files/Unity/Hub/Editor/2022.3.28f1/Editor/Data/PlaybackEngines/WindowsStandaloneSupport/UnityEditor.WindowsStandalone.Extensions.dll
Registered in 0.005740 seconds.
- Loaded All Assemblies, in  0.240 seconds
Native extension for WindowsStandalone target not found
Native extension for WebGL target not found
Mono: successfully reloaded assembly
- Finished resetting the current domain, in  0.171 seconds
Domain Reload Profiling: 411ms
	BeginReloadAssembly (92ms)
		ExecutionOrderSort (0ms)
		DisableScriptedObjects (0ms)
		BackupInstance (0ms)
		ReleaseScriptingObjects (0ms)
		CreateAndSetChildDomain (1ms)
	RebuildCommonClasses (21ms)
	RebuildNativeTypeToScriptingClass (6ms)
	initialDomainReloadingComplete (37ms)
	LoadAllAssembliesAndSetupDomain (83ms)
		LoadAssemblies (91ms)
		RebuildTransferFunctionScriptingTraits (0ms)
		AnalyzeDomain (82ms)
			TypeCache.Refresh (80ms)
				TypeCache.ScanAssembly (71ms)
			ScanForSourceGeneratedMonoScriptInfo (0ms)
			ResolveRequiredComponents (0ms)
	FinalizeReload (171ms)
		ReleaseScriptCaches (0ms)
		RebuildScriptCaches (0ms)
		SetupLoadedEditorAssemblies (136ms)
			LogAssemblyErrors (0ms)
			InitializePlatformSupportModulesInManaged (6ms)
			SetLoadedEditorAssemblies (3ms)
			RefreshPlugins (0ms)
			BeforeProcessingInitializeOnLoad (1ms)
			ProcessInitializeOnLoadAttributes (91ms)
			ProcessInitializeOnLoadMethodAttributes (34ms)
			AfterProcessingInitializeOnLoad (0ms)
			EditorAssembliesLoaded (0ms)
		ExecutionOrderSort2 (0ms)
		AwakeInstancesAfterBackupRestoration (0ms)
========================================================================
Worker process is ready to serve import requests
Begin MonoManager ReloadAssembly
- Loaded All Assemblies, in  0.430 seconds
Refreshing native plugins compatible for Editor in 1.45 ms, found 3 plugins.
Native extension for WindowsStandalone target not found
Native extension for WebGL target not found
Package Manager log level set to [2]
[Package Manager] Server::EnsureServerProcessIsRunning -- launch failed, reason: Unity was launched with the -noUpm command-line argument
[Package Manager] UpmClient::Send -- Unable to send message (not connected to UPM process).
[Package Manager] Cannot connect to Unity Package Manager local server
Mono: successfully reloaded assembly
- Finished resetting the current domain, in  0.357 seconds
Domain Reload Profiling: 786ms
	BeginReloadAssembly (97ms)
		ExecutionOrderSort (0ms)
		DisableScriptedObjects (3ms)
		BackupInstance (0ms)
		ReleaseScriptingObjects (0ms)
		CreateAndSetChildDomain (19ms)
	RebuildCommonClasses (19ms)
	RebuildNativeTypeToScriptingClass (6ms)
	initialDomainReloadingComplete (24ms)
	LoadAllAssembliesAndSetupDomain (283ms)
		LoadAssemblies (214ms)
		RebuildTransferFunctionScriptingTraits (0ms)
		AnalyzeDomain (124ms)
			TypeCache.Refresh (109ms)
				TypeCache.ScanAssembly (95ms)
			ScanForSourceGeneratedMonoScriptInfo (10ms)
			ResolveRequiredComponents (3ms)
	FinalizeReload (357ms)
		ReleaseScriptCaches (0ms)
		RebuildScriptCaches (0ms)
		SetupLoadedEditorAssemblies (267ms)
			LogAssemblyErrors (0ms)
			InitializePlatformSupportModulesInManaged (4ms)
			SetLoadedEditorAssemblies (3ms)
			RefreshPlugins (0ms)
			BeforeProcessingInitializeOnLoad (34ms)
			ProcessInitializeOnLoadAttributes (213ms)
			ProcessInitializeOnLoadMethodAttributes (12ms)
			AfterProcessingInitializeOnLoad (3ms)
			EditorAssembliesLoaded (0ms)
		ExecutionOrderSort2 (0ms)
		AwakeInstancesAfterBackupRestoration (4ms)
Launched and connected shader compiler UnityShaderCompiler.exe after 0.03 seconds
Refreshing native plugins compatible for Editor in 1.38 ms, found 3 plugins.
Preloading 0 native plugins for Editor in 0.00 ms.
Unloading 3489 Unused Serialized files (Serialized files now loaded: 0)
Unloading 40 unused Assets / (58.2 KB). Loaded Objects now: 3950.
Memory consumption went from 137.3 MB to 137.3 MB.
Total: 2.105400 ms (FindLiveObjects: 0.175300 ms CreateObjectMapping: 0.049100 ms MarkObjects: 1.813900 ms  DeleteObjects: 0.066300 ms)

AssetImportParameters requested are different than current active one (requested -> active):
  custom:container-demuxer-ogg: 62fdf1f143b41e24485cea50d1cbac27 -> 
  custom:video-codec-MediaFoundation-h265: 746d11721c4dcdbdad8f713fa42b33f4 -> 
  custom:scripting/monoscript/fileName/Helicopter.cs: 706e75638c9b91751fec6da0322c5a3e -> 
  custom:video-decoder-ogg-theora: a1e56fd34408186e4bbccfd4996cb3dc -> 
  custom:framework-win-MediaFoundation: 216162199b28c13a410421893ffa2e32 -> 
  custom:CustomObjectIndexerAttribute: 9a22284fe3817be447336de3de66b15e -> 
  custom:container-demuxer-webm: 4f35f7cbe854078d1ac9338744f61a02 -> 
  custom:scripting/monoscript/fileName/StreetLight.cs: 9c9b8cf7d0e95491c9d9f33ca972e572 -> 
  custom:scripting/monoscript/fileName/BuildingLights.cs: edd983c22d69a612b87bc70b4937b722 -> 
  custom:container-muxer-webm: aa71ff27fc2769a1b78a27578f13a17b -> 
  custom:video-decoder-webm-vp8: 9c59270c3fd7afecdb556c50c9e8de78 -> 
  custom:SearchIndexIgnoredProperties: e643bd26f0fe6173181afceb89e7c659 -> 
  custom:AudioImporter_EditorPlatform: d09bf68614088b80899f8185d706f6e7 -> 
  custom:scripting/monoscript/fileName/PoliceSiren.cs: b0b042c453311179fb33e0e7af990526 -> 
  custom:scripting/monoscript/fileName/TrafficLights.cs: 82539e7d40de46b920576b3b406ee34d -> 
  custom:video-encoder-webm-vp8: eb34c28f22e8b96e1ab97ce403110664 -> 
  custom:audio-decoder-ogg-vorbis: bf7c407c2cedff20999df2af8eb42d56 -> 
  custom:audio-encoder-webm-vorbis: bf7c407c2cedff20999df2af8eb42d56 -> 
========================================================================
Received Import Request.
  Time since last request: 600018.005701 seconds.
  path: Assets/Model/POLYGON city pack/Prefabs/Letters/Letter_E_Prefab.prefab
  artifactKey: Guid(3a8c76fe5ec38c6458fcafb62cb2a0d9) Importer(815301076,1909f56bfc062723c751e8b465ee728b)
Start importing Assets/Model/POLYGON city pack/Prefabs/Letters/Letter_E_Prefab.prefab using Guid(3a8c76fe5ec38c6458fcafb62cb2a0d9) Importer(815301076,1909f56bfc062723c751e8b465ee728b)  -> (artifact id: '1261a77259fde669c111a24c7307ce30') in 0.078462 seconds
Number of updated asset objects reloaded before import = 0
Number of asset objects unloaded after import = 17
========================================================================
Received Import Request.
  Time since last request: 0.000028 seconds.
  path: Assets/Model/POLYGON city pack/Prefabs/Letters/Letter_Q_Prefab.prefab
  artifactKey: Guid(91ab83aee48df174a82434785f82806d) Importer(815301076,1909f56bfc062723c751e8b465ee728b)
Start importing Assets/Model/POLYGON city pack/Prefabs/Letters/Letter_Q_Prefab.prefab using Guid(91ab83aee48df174a82434785f82806d) Importer(815301076,1909f56bfc062723c751e8b465ee728b)  -> (artifact id: 'f1f1e45ea73b7d0b6bc8be04c902f8d0') in 0.015823 seconds
Number of updated asset objects reloaded before import = 0
Number of asset objects unloaded after import = 10
========================================================================
Received Import Request.
  Time since last request: 0.000022 seconds.
  path: Assets/Model/POLYGON city pack/Prefabs/Letters/Letter_N_Prefab.prefab
  artifactKey: Guid(0778b4c717fc2d141bfacce1e4453883) Importer(815301076,1909f56bfc062723c751e8b465ee728b)
Start importing Assets/Model/POLYGON city pack/Prefabs/Letters/Letter_N_Prefab.prefab using Guid(0778b4c717fc2d141bfacce1e4453883) Importer(815301076,1909f56bfc062723c751e8b465ee728b)  -> (artifact id: 'bbf8ae1d29e5fb3eb6c716bb8b47234d') in 0.010163 seconds
Number of updated asset objects reloaded before import = 0
Number of asset objects unloaded after import = 10
========================================================================
Received Import Request.
  Time since last request: 0.546372 seconds.
  path: Assets/Model/POLYGON city pack/Prefabs/Props/Bench 2 prefab.prefab
  artifactKey: Guid(c954a7e383194f246b3502f6c815acb4) Importer(815301076,1909f56bfc062723c751e8b465ee728b)
Start importing Assets/Model/POLYGON city pack/Prefabs/Props/Bench 2 prefab.prefab using Guid(c954a7e383194f246b3502f6c815acb4) Importer(815301076,1909f56bfc062723c751e8b465ee728b)  -> (artifact id: '78f3cc2f79cb28050a8f67b4e463ca3a') in 0.011319 seconds
Number of updated asset objects reloaded before import = 0
Number of asset objects unloaded after import = 12
========================================================================
Received Import Request.
  Time since last request: 0.000032 seconds.
  path: Assets/Model/POLYGON city pack/Prefabs/Props/Bus stop prefab.prefab
  artifactKey: Guid(30916da9dd66da74d8e831f29c0b250f) Importer(815301076,1909f56bfc062723c751e8b465ee728b)
Start importing Assets/Model/POLYGON city pack/Prefabs/Props/Bus stop prefab.prefab using Guid(30916da9dd66da74d8e831f29c0b250f) Importer(815301076,1909f56bfc062723c751e8b465ee728b)  -> (artifact id: '5c99f214e37790183e108571bac0388a') in 0.168422 seconds
Number of updated asset objects reloaded before import = 0
Number of asset objects unloaded after import = 14
========================================================================
Received Import Request.
  Time since last request: 0.000035 seconds.
  path: Assets/Model/POLYGON city pack/Prefabs/Props/Grass mass_prefab.prefab
  artifactKey: Guid(e53777a03d3be324ab0664ab7ef3d886) Importer(815301076,1909f56bfc062723c751e8b465ee728b)
Start importing Assets/Model/POLYGON city pack/Prefabs/Props/Grass mass_prefab.prefab using Guid(e53777a03d3be324ab0664ab7ef3d886) Importer(815301076,1909f56bfc062723c751e8b465ee728b)  -> (artifact id: '543c2f0c949901fb3b93083bfcd76844') in 0.012918 seconds
Number of updated asset objects reloaded before import = 0
Number of asset objects unloaded after import = 83
========================================================================
Received Import Request.
  Time since last request: 0.000033 seconds.
  path: Assets/Model/POLYGON city pack/Prefabs/Props/platt sign 4 prefab.prefab
  artifactKey: Guid(8375612b26134aa47966b68d5e0b25bb) Importer(815301076,1909f56bfc062723c751e8b465ee728b)
Start importing Assets/Model/POLYGON city pack/Prefabs/Props/platt sign 4 prefab.prefab using Guid(8375612b26134aa47966b68d5e0b25bb) Importer(815301076,1909f56bfc062723c751e8b465ee728b)  -> (artifact id: 'a79128a5b5484776a07cf4e1efa824e0') in 0.011948 seconds
Number of updated asset objects reloaded before import = 0
Number of asset objects unloaded after import = 12
========================================================================
Received Import Request.
  Time since last request: 0.000020 seconds.
  path: Assets/Model/POLYGON city pack/Prefabs/Props/bush prefab.prefab
  artifactKey: Guid(fb63f2d87ad55dd42891f1e2dbfe660d) Importer(815301076,1909f56bfc062723c751e8b465ee728b)
Start importing Assets/Model/POLYGON city pack/Prefabs/Props/bush prefab.prefab using Guid(fb63f2d87ad55dd42891f1e2dbfe660d) Importer(815301076,1909f56bfc062723c751e8b465ee728b)  -> (artifact id: '6af7445b27a3fb47867aa13010de35fe') in 0.011166 seconds
Number of updated asset objects reloaded before import = 0
Number of asset objects unloaded after import = 13
========================================================================
Received Import Request.
  Time since last request: 0.000034 seconds.
  path: Assets/Model/POLYGON city pack/Prefabs/Props/Flower 1 prefab B.prefab
  artifactKey: Guid(e5a1a9b64f8e53f489e80aa11edd54b0) Importer(815301076,1909f56bfc062723c751e8b465ee728b)
Start importing Assets/Model/POLYGON city pack/Prefabs/Props/Flower 1 prefab B.prefab using Guid(e5a1a9b64f8e53f489e80aa11edd54b0) Importer(815301076,1909f56bfc062723c751e8b465ee728b)  -> (artifact id: 'de5b6cdbe14f669e308169156b2f4b24') in 0.012528 seconds
Number of updated asset objects reloaded before import = 0
Number of asset objects unloaded after import = 11
========================================================================
Received Import Request.
  Time since last request: 0.000024 seconds.
  path: Assets/Model/POLYGON city pack/Prefabs/Props/Stone 4 Prefab.prefab
  artifactKey: Guid(b4289919ba517cd45aff629c81afa3fe) Importer(815301076,1909f56bfc062723c751e8b465ee728b)
Start importing Assets/Model/POLYGON city pack/Prefabs/Props/Stone 4 Prefab.prefab using Guid(b4289919ba517cd45aff629c81afa3fe) Importer(815301076,1909f56bfc062723c751e8b465ee728b)  -> (artifact id: '25d1649b121849c5a6e6e850eed1e0d8') in 0.011220 seconds
Number of updated asset objects reloaded before import = 0
Number of asset objects unloaded after import = 11
========================================================================
Received Import Request.
  Time since last request: 0.000031 seconds.
  path: Assets/Model/POLYGON city pack/Prefabs/Props/platt sign 1 prefab.prefab
  artifactKey: Guid(d646b8ef31f0dac4aac6c8c3c1be41ef) Importer(815301076,1909f56bfc062723c751e8b465ee728b)
Start importing Assets/Model/POLYGON city pack/Prefabs/Props/platt sign 1 prefab.prefab using Guid(d646b8ef31f0dac4aac6c8c3c1be41ef) Importer(815301076,1909f56bfc062723c751e8b465ee728b)  -> (artifact id: 'e730ef01522a7061eb105d50f6ba0976') in 0.013514 seconds
Number of updated asset objects reloaded before import = 0
Number of asset objects unloaded after import = 11
========================================================================
Received Import Request.
  Time since last request: 0.000029 seconds.
  path: Assets/Model/POLYGON city pack/Prefabs/Props/Can_cola 2 prefab.prefab
  artifactKey: Guid(95ad7e2cecb192d43a4a02f1b422beed) Importer(815301076,1909f56bfc062723c751e8b465ee728b)
Start importing Assets/Model/POLYGON city pack/Prefabs/Props/Can_cola 2 prefab.prefab using Guid(95ad7e2cecb192d43a4a02f1b422beed) Importer(815301076,1909f56bfc062723c751e8b465ee728b)  -> (artifact id: '20476256d712371160652f759ad230c7') in 0.011107 seconds
Number of updated asset objects reloaded before import = 0
Number of asset objects unloaded after import = 12
========================================================================
Received Import Request.
  Time since last request: 0.959094 seconds.
  path: Assets/Model/POLYGON city pack/Prefabs/traffic signs/traffic sign 3.prefab
  artifactKey: Guid(d6177dd2c3658254082b43d7f5bf3644) Importer(815301076,1909f56bfc062723c751e8b465ee728b)
Start importing Assets/Model/POLYGON city pack/Prefabs/traffic signs/traffic sign 3.prefab using Guid(d6177dd2c3658254082b43d7f5bf3644) Importer(815301076,1909f56bfc062723c751e8b465ee728b)  -> (artifact id: '18cf93a7343951008ac156ebd8b6f3e8') in 0.013699 seconds
Number of updated asset objects reloaded before import = 0
Number of asset objects unloaded after import = 12
========================================================================
Received Import Request.
  Time since last request: 0.000026 seconds.
  path: Assets/Model/POLYGON city pack/Prefabs/traffic signs/traffic sign speed 50.prefab
  artifactKey: Guid(ffc3c787eefca4946b3deb5bb202361c) Importer(815301076,1909f56bfc062723c751e8b465ee728b)
Start importing Assets/Model/POLYGON city pack/Prefabs/traffic signs/traffic sign speed 50.prefab using Guid(ffc3c787eefca4946b3deb5bb202361c) Importer(815301076,1909f56bfc062723c751e8b465ee728b)  -> (artifact id: 'bd253509706f398df9f1bb2208f6427c') in 0.011365 seconds
Number of updated asset objects reloaded before import = 0
Number of asset objects unloaded after import = 12
========================================================================
Received Import Request.
  Time since last request: 1.908503 seconds.
  path: Assets/Model/POLYGON city pack/Prefabs/Lamps/Lamp_5_prefab.prefab
  artifactKey: Guid(c843625d7d71737438cdcd19ad728753) Importer(815301076,1909f56bfc062723c751e8b465ee728b)
Start importing Assets/Model/POLYGON city pack/Prefabs/Lamps/Lamp_5_prefab.prefab using Guid(c843625d7d71737438cdcd19ad728753) Importer(815301076,1909f56bfc062723c751e8b465ee728b)  -> (artifact id: 'e07ba537aa7614cfb9cd89aa0dd78e25') in 0.012405 seconds
Number of updated asset objects reloaded before import = 0
Number of asset objects unloaded after import = 18
Editor requested this worker to shutdown with reason: Scaling down because of idle timeout
TcpMessagingSession - receive error
AssetImportWorkerClient::OnTransportError - code=2 error=End of file
AssetImportWorker is now disconnected from the server
Process exiting
Exiting without the bug reporter. Application will terminate with return code 0